<?xml version="1.0" encoding="UTF-8"?>
<robot generator="Robot 7.3.2 (Python 3.13.5 on win32)" generated="2025-09-06T18:55:12.701880" rpa="false" schemaversion="5">
<suite id="s1" name="Login Test" source="c:\projects\robot-saucedemo\tests\login_test.robot">
<test id="s1-t1" name="Open saucedemo Login Page" line="9">
<kw name="Open saucedemo Login Page" owner="login_keywords">
<kw name="Launch Browser With Clean Profile" owner="login_keywords">
<kw name="Create Dictionary" owner="BuiltIn">
<msg time="2025-09-06T18:55:13.037322" level="INFO">${prefs} = {'credentials_enable_service': 'False', 'profile.password_manager_enabled': 'False'}</msg>
<var>${prefs}</var>
<arg>credentials_enable_service=False</arg>
<arg>profile.password_manager_enabled=False</arg>
<doc>Creates and returns a dictionary based on the given ``items``.</doc>
<status status="PASS" start="2025-09-06T18:55:13.036927" elapsed="0.002707"/>
</kw>
<kw name="Evaluate" owner="BuiltIn">
<msg time="2025-09-06T18:55:13.040507" level="INFO">${options} = &lt;selenium.webdriver.chrome.options.Options object at 0x0000026ACCBC4C20&gt;</msg>
<var>${options}</var>
<arg>sys.modules['selenium.webdriver'].ChromeOptions()</arg>
<arg>sys, selenium.webdriver</arg>
<doc>Evaluates the given expression in Python and returns the result.</doc>
<status status="PASS" start="2025-09-06T18:55:13.039981" elapsed="0.000723"/>
</kw>
<kw name="Call Method" owner="BuiltIn">
<arg>${options}</arg>
<arg>add_experimental_option</arg>
<arg>prefs</arg>
<arg>${prefs}</arg>
<doc>Calls the named method of the given object with the provided arguments.</doc>
<status status="PASS" start="2025-09-06T18:55:13.040981" elapsed="0.000549"/>
</kw>
<kw name="Call Method" owner="BuiltIn">
<arg>${options}</arg>
<arg>add_argument</arg>
<arg>--disable-save-password-bubble</arg>
<doc>Calls the named method of the given object with the provided arguments.</doc>
<status status="PASS" start="2025-09-06T18:55:13.041809" elapsed="0.000321"/>
</kw>
<kw name="Call Method" owner="BuiltIn">
<arg>${options}</arg>
<arg>add_argument</arg>
<arg>--disable-infobars</arg>
<doc>Calls the named method of the given object with the provided arguments.</doc>
<status status="PASS" start="2025-09-06T18:55:13.042299" elapsed="0.000217"/>
</kw>
<kw name="Call Method" owner="BuiltIn">
<arg>${options}</arg>
<arg>add_argument</arg>
<arg>--incognito</arg>
<doc>Calls the named method of the given object with the provided arguments.</doc>
<status status="PASS" start="2025-09-06T18:55:13.042695" elapsed="0.000201"/>
</kw>
<kw name="Create Webdriver" owner="SeleniumLibrary">
<msg time="2025-09-06T18:55:13.043370" level="INFO">Creating an instance of the Chrome WebDriver.</msg>
<msg time="2025-09-06T18:55:13.303143" level="WARN">The chromedriver version (139.0.7258.154) detected in PATH at C:\webdriver\chromedriver.exe might not be compatible with the detected chrome version (140.0.7339.80); currently, chromedriver 140.0.7339.80 is recommended for chrome 140.*, so it is advised to delete the driver in PATH and retry</msg>
<arg>Chrome</arg>
<arg>options=${options}</arg>
<doc>Creates an instance of Selenium WebDriver.</doc>
<status status="PASS" start="2025-09-06T18:55:13.043063" elapsed="1.631014"/>
</kw>
<status status="PASS" start="2025-09-06T18:55:13.036151" elapsed="1.638176"/>
</kw>
<kw name="Go To" owner="SeleniumLibrary">
<msg time="2025-09-06T18:55:14.674746" level="INFO">Opening url 'https://www.saucedemo.com'</msg>
<arg>${BASE_URL}</arg>
<doc>Navigates the current browser window to the provided ``url``.</doc>
<status status="PASS" start="2025-09-06T18:55:14.674504" elapsed="0.596735"/>
</kw>
<kw name="Maximize Browser Window" owner="SeleniumLibrary">
<doc>Maximizes current browser window.</doc>
<status status="PASS" start="2025-09-06T18:55:15.271512" elapsed="0.051152"/>
</kw>
<status status="PASS" start="2025-09-06T18:55:13.035186" elapsed="2.287830"/>
</kw>
<kw name="Sleep" owner="BuiltIn">
<msg time="2025-09-06T18:55:17.325393" level="INFO">Slept 2 seconds.</msg>
<arg>2s</arg>
<doc>Pauses the test executed for the given time.</doc>
<status status="PASS" start="2025-09-06T18:55:15.324105" elapsed="2.003046"/>
</kw>
<kw name="Close Browser" owner="SeleniumLibrary" type="TEARDOWN">
<doc>Closes the current browser.</doc>
<status status="PASS" start="2025-09-06T18:55:17.328536" elapsed="2.180444"/>
</kw>
<status status="PASS" start="2025-09-06T18:55:13.033027" elapsed="6.477840"/>
</test>
<test id="s1-t2" name="Checking the email and password fields are present" line="15">
<kw name="Open saucedemo Login Page" owner="login_keywords">
<kw name="Launch Browser With Clean Profile" owner="login_keywords">
<kw name="Create Dictionary" owner="BuiltIn">
<msg time="2025-09-06T18:55:19.523100" level="INFO">${prefs} = {'credentials_enable_service': 'False', 'profile.password_manager_enabled': 'False'}</msg>
<var>${prefs}</var>
<arg>credentials_enable_service=False</arg>
<arg>profile.password_manager_enabled=False</arg>
<doc>Creates and returns a dictionary based on the given ``items``.</doc>
<status status="PASS" start="2025-09-06T18:55:19.521978" elapsed="0.001652"/>
</kw>
<kw name="Evaluate" owner="BuiltIn">
<msg time="2025-09-06T18:55:19.526110" level="INFO">${options} = &lt;selenium.webdriver.chrome.options.Options object at 0x0000026ACCAEF9D0&gt;</msg>
<var>${options}</var>
<arg>sys.modules['selenium.webdriver'].ChromeOptions()</arg>
<arg>sys, selenium.webdriver</arg>
<doc>Evaluates the given expression in Python and returns the result.</doc>
<status status="PASS" start="2025-09-06T18:55:19.524427" elapsed="0.002268"/>
</kw>
<kw name="Call Method" owner="BuiltIn">
<arg>${options}</arg>
<arg>add_experimental_option</arg>
<arg>prefs</arg>
<arg>${prefs}</arg>
<doc>Calls the named method of the given object with the provided arguments.</doc>
<status status="PASS" start="2025-09-06T18:55:19.527420" elapsed="0.000932"/>
</kw>
<kw name="Call Method" owner="BuiltIn">
<arg>${options}</arg>
<arg>add_argument</arg>
<arg>--disable-save-password-bubble</arg>
<doc>Calls the named method of the given object with the provided arguments.</doc>
<status status="PASS" start="2025-09-06T18:55:19.529413" elapsed="0.001414"/>
</kw>
<kw name="Call Method" owner="BuiltIn">
<arg>${options}</arg>
<arg>add_argument</arg>
<arg>--disable-infobars</arg>
<doc>Calls the named method of the given object with the provided arguments.</doc>
<status status="PASS" start="2025-09-06T18:55:19.531395" elapsed="0.000729"/>
</kw>
<kw name="Call Method" owner="BuiltIn">
<arg>${options}</arg>
<arg>add_argument</arg>
<arg>--incognito</arg>
<doc>Calls the named method of the given object with the provided arguments.</doc>
<status status="PASS" start="2025-09-06T18:55:19.532603" elapsed="0.000571"/>
</kw>
<kw name="Create Webdriver" owner="SeleniumLibrary">
<msg time="2025-09-06T18:55:19.534333" level="INFO">Creating an instance of the Chrome WebDriver.</msg>
<msg time="2025-09-06T18:55:19.834385" level="WARN">The chromedriver version (139.0.7258.154) detected in PATH at C:\webdriver\chromedriver.exe might not be compatible with the detected chrome version (140.0.7339.80); currently, chromedriver 140.0.7339.80 is recommended for chrome 140.*, so it is advised to delete the driver in PATH and retry</msg>
<arg>Chrome</arg>
<arg>options=${options}</arg>
<doc>Creates an instance of Selenium WebDriver.</doc>
<status status="PASS" start="2025-09-06T18:55:19.533688" elapsed="1.647607"/>
</kw>
<status status="PASS" start="2025-09-06T18:55:19.520723" elapsed="1.660797"/>
</kw>
<kw name="Go To" owner="SeleniumLibrary">
<msg time="2025-09-06T18:55:21.181964" level="INFO">Opening url 'https://www.saucedemo.com'</msg>
<arg>${BASE_URL}</arg>
<doc>Navigates the current browser window to the provided ``url``.</doc>
<status status="PASS" start="2025-09-06T18:55:21.181706" elapsed="0.543899"/>
</kw>
<kw name="Maximize Browser Window" owner="SeleniumLibrary">
<doc>Maximizes current browser window.</doc>
<status status="PASS" start="2025-09-06T18:55:21.725894" elapsed="0.049669"/>
</kw>
<status status="PASS" start="2025-09-06T18:55:19.519085" elapsed="2.257174"/>
</kw>
<kw name="Element Should Be Visible" owner="SeleniumLibrary">
<msg time="2025-09-06T18:55:21.826095" level="INFO">Element 'id=user-name' is displayed.</msg>
<arg>${USER_NAME}</arg>
<doc>Verifies that the element identified by ``locator`` is visible.</doc>
<status status="PASS" start="2025-09-06T18:55:21.777170" elapsed="0.049274"/>
</kw>
<kw name="Element Should Be Visible" owner="SeleniumLibrary">
<msg time="2025-09-06T18:55:21.856499" level="INFO">Element 'id=password' is displayed.</msg>
<arg>${PASSWORD}</arg>
<doc>Verifies that the element identified by ``locator`` is visible.</doc>
<status status="PASS" start="2025-09-06T18:55:21.827724" elapsed="0.029152"/>
</kw>
<kw name="Sleep" owner="BuiltIn">
<msg time="2025-09-06T18:55:23.859053" level="INFO">Slept 2 seconds.</msg>
<arg>2s</arg>
<doc>Pauses the test executed for the given time.</doc>
<status status="PASS" start="2025-09-06T18:55:21.857909" elapsed="2.001593"/>
</kw>
<kw name="Close Browser" owner="SeleniumLibrary" type="TEARDOWN">
<doc>Closes the current browser.</doc>
<status status="PASS" start="2025-09-06T18:55:23.861024" elapsed="2.222036"/>
</kw>
<status status="PASS" start="2025-09-06T18:55:19.515691" elapsed="6.569614"/>
</test>
<test id="s1-t3" name="Login with valid credentials" line="23">
<kw name="Open saucedemo Login Page" owner="login_keywords">
<kw name="Launch Browser With Clean Profile" owner="login_keywords">
<kw name="Create Dictionary" owner="BuiltIn">
<msg time="2025-09-06T18:55:26.098372" level="INFO">${prefs} = {'credentials_enable_service': 'False', 'profile.password_manager_enabled': 'False'}</msg>
<var>${prefs}</var>
<arg>credentials_enable_service=False</arg>
<arg>profile.password_manager_enabled=False</arg>
<doc>Creates and returns a dictionary based on the given ``items``.</doc>
<status status="PASS" start="2025-09-06T18:55:26.096926" elapsed="0.002322"/>
</kw>
<kw name="Evaluate" owner="BuiltIn">
<msg time="2025-09-06T18:55:26.102547" level="INFO">${options} = &lt;selenium.webdriver.chrome.options.Options object at 0x0000026ACCAEDF90&gt;</msg>
<var>${options}</var>
<arg>sys.modules['selenium.webdriver'].ChromeOptions()</arg>
<arg>sys, selenium.webdriver</arg>
<doc>Evaluates the given expression in Python and returns the result.</doc>
<status status="PASS" start="2025-09-06T18:55:26.100626" elapsed="0.002478"/>
</kw>
<kw name="Call Method" owner="BuiltIn">
<arg>${options}</arg>
<arg>add_experimental_option</arg>
<arg>prefs</arg>
<arg>${prefs}</arg>
<doc>Calls the named method of the given object with the provided arguments.</doc>
<status status="PASS" start="2025-09-06T18:55:26.104828" elapsed="0.001362"/>
</kw>
<kw name="Call Method" owner="BuiltIn">
<arg>${options}</arg>
<arg>add_argument</arg>
<arg>--disable-save-password-bubble</arg>
<doc>Calls the named method of the given object with the provided arguments.</doc>
<status status="PASS" start="2025-09-06T18:55:26.106990" elapsed="0.000726"/>
</kw>
<kw name="Call Method" owner="BuiltIn">
<arg>${options}</arg>
<arg>add_argument</arg>
<arg>--disable-infobars</arg>
<doc>Calls the named method of the given object with the provided arguments.</doc>
<status status="PASS" start="2025-09-06T18:55:26.108230" elapsed="0.000503"/>
</kw>
<kw name="Call Method" owner="BuiltIn">
<arg>${options}</arg>
<arg>add_argument</arg>
<arg>--incognito</arg>
<doc>Calls the named method of the given object with the provided arguments.</doc>
<status status="PASS" start="2025-09-06T18:55:26.109084" elapsed="0.000436"/>
</kw>
<kw name="Create Webdriver" owner="SeleniumLibrary">
<msg time="2025-09-06T18:55:26.110456" level="INFO">Creating an instance of the Chrome WebDriver.</msg>
<msg time="2025-09-06T18:55:26.396682" level="WARN">The chromedriver version (139.0.7258.154) detected in PATH at C:\webdriver\chromedriver.exe might not be compatible with the detected chrome version (140.0.7339.80); currently, chromedriver 140.0.7339.80 is recommended for chrome 140.*, so it is advised to delete the driver in PATH and retry</msg>
<arg>Chrome</arg>
<arg>options=${options}</arg>
<doc>Creates an instance of Selenium WebDriver.</doc>
<status status="PASS" start="2025-09-06T18:55:26.109864" elapsed="1.607580"/>
</kw>
<status status="PASS" start="2025-09-06T18:55:26.094980" elapsed="1.622758"/>
</kw>
<kw name="Go To" owner="SeleniumLibrary">
<msg time="2025-09-06T18:55:27.718280" level="INFO">Opening url 'https://www.saucedemo.com'</msg>
<arg>${BASE_URL}</arg>
<doc>Navigates the current browser window to the provided ``url``.</doc>
<status status="PASS" start="2025-09-06T18:55:27.717974" elapsed="0.560475"/>
</kw>
<kw name="Maximize Browser Window" owner="SeleniumLibrary">
<doc>Maximizes current browser window.</doc>
<status status="PASS" start="2025-09-06T18:55:28.278737" elapsed="0.045676"/>
</kw>
<status status="PASS" start="2025-09-06T18:55:26.092700" elapsed="2.231931"/>
</kw>
<kw name="Enter Username password and login" owner="login_keywords">
<kw name="Input Text" owner="SeleniumLibrary">
<msg time="2025-09-06T18:55:28.327213" level="INFO">Typing text 'standard_user' into text field 'id=user-name'.</msg>
<arg>id=user-name</arg>
<arg>standard_user</arg>
<doc>Types the given ``text`` into the text field identified by ``locator``.</doc>
<status status="PASS" start="2025-09-06T18:55:28.326689" elapsed="0.230024"/>
</kw>
<kw name="Input Text" owner="SeleniumLibrary">
<msg time="2025-09-06T18:55:28.557289" level="INFO">Typing text 'secret_sauce' into text field 'id=password'.</msg>
<arg>id=password</arg>
<arg>secret_sauce</arg>
<doc>Types the given ``text`` into the text field identified by ``locator``.</doc>
<status status="PASS" start="2025-09-06T18:55:28.557014" elapsed="0.094360"/>
</kw>
<kw name="Click Button" owner="SeleniumLibrary">
<msg time="2025-09-06T18:55:28.652086" level="INFO">Clicking button 'id=login-button'.</msg>
<arg>id=login-button</arg>
<doc>Clicks the button identified by ``locator``.</doc>
<status status="PASS" start="2025-09-06T18:55:28.651655" elapsed="0.112802"/>
</kw>
<arg>standard_user secret_sauce</arg>
<status status="PASS" start="2025-09-06T18:55:28.326003" elapsed="0.438769"/>
</kw>
<kw name="Sleep" owner="BuiltIn">
<msg time="2025-09-06T18:55:30.767021" level="INFO">Slept 2 seconds.</msg>
<arg>2s</arg>
<doc>Pauses the test executed for the given time.</doc>
<status status="PASS" start="2025-09-06T18:55:28.765842" elapsed="2.002470"/>
</kw>
<kw name="Close Browser" owner="SeleniumLibrary" type="TEARDOWN">
<doc>Closes the current browser.</doc>
<status status="PASS" start="2025-09-06T18:55:30.772617" elapsed="2.223872"/>
</kw>
<status status="PASS" start="2025-09-06T18:55:26.089628" elapsed="6.908703"/>
</test>
<test id="s1-t4" name="Login with lockedout credentials" line="30">
<kw name="Open saucedemo Login Page" owner="login_keywords">
<kw name="Launch Browser With Clean Profile" owner="login_keywords">
<kw name="Create Dictionary" owner="BuiltIn">
<msg time="2025-09-06T18:55:33.007137" level="INFO">${prefs} = {'credentials_enable_service': 'False', 'profile.password_manager_enabled': 'False'}</msg>
<var>${prefs}</var>
<arg>credentials_enable_service=False</arg>
<arg>profile.password_manager_enabled=False</arg>
<doc>Creates and returns a dictionary based on the given ``items``.</doc>
<status status="PASS" start="2025-09-06T18:55:33.006655" elapsed="0.000690"/>
</kw>
<kw name="Evaluate" owner="BuiltIn">
<msg time="2025-09-06T18:55:33.008151" level="INFO">${options} = &lt;selenium.webdriver.chrome.options.Options object at 0x0000026ACCB1B820&gt;</msg>
<var>${options}</var>
<arg>sys.modules['selenium.webdriver'].ChromeOptions()</arg>
<arg>sys, selenium.webdriver</arg>
<doc>Evaluates the given expression in Python and returns the result.</doc>
<status status="PASS" start="2025-09-06T18:55:33.007627" elapsed="0.000702"/>
</kw>
<kw name="Call Method" owner="BuiltIn">
<arg>${options}</arg>
<arg>add_experimental_option</arg>
<arg>prefs</arg>
<arg>${prefs}</arg>
<doc>Calls the named method of the given object with the provided arguments.</doc>
<status status="PASS" start="2025-09-06T18:55:33.008557" elapsed="0.000311"/>
</kw>
<kw name="Call Method" owner="BuiltIn">
<arg>${options}</arg>
<arg>add_argument</arg>
<arg>--disable-save-password-bubble</arg>
<doc>Calls the named method of the given object with the provided arguments.</doc>
<status status="PASS" start="2025-09-06T18:55:33.009291" elapsed="0.000367"/>
</kw>
<kw name="Call Method" owner="BuiltIn">
<arg>${options}</arg>
<arg>add_argument</arg>
<arg>--disable-infobars</arg>
<doc>Calls the named method of the given object with the provided arguments.</doc>
<status status="PASS" start="2025-09-06T18:55:33.009900" elapsed="0.000289"/>
</kw>
<kw name="Call Method" owner="BuiltIn">
<arg>${options}</arg>
<arg>add_argument</arg>
<arg>--incognito</arg>
<doc>Calls the named method of the given object with the provided arguments.</doc>
<status status="PASS" start="2025-09-06T18:55:33.010418" elapsed="0.000306"/>
</kw>
<kw name="Create Webdriver" owner="SeleniumLibrary">
<msg time="2025-09-06T18:55:33.011332" level="INFO">Creating an instance of the Chrome WebDriver.</msg>
<msg time="2025-09-06T18:55:33.327085" level="WARN">The chromedriver version (139.0.7258.154) detected in PATH at C:\webdriver\chromedriver.exe might not be compatible with the detected chrome version (140.0.7339.80); currently, chromedriver 140.0.7339.80 is recommended for chrome 140.*, so it is advised to delete the driver in PATH and retry</msg>
<arg>Chrome</arg>
<arg>options=${options}</arg>
<doc>Creates an instance of Selenium WebDriver.</doc>
<status status="PASS" start="2025-09-06T18:55:33.010987" elapsed="1.663875"/>
</kw>
<status status="PASS" start="2025-09-06T18:55:33.006079" elapsed="1.669020"/>
</kw>
<kw name="Go To" owner="SeleniumLibrary">
<msg time="2025-09-06T18:55:34.675520" level="INFO">Opening url 'https://www.saucedemo.com'</msg>
<arg>${BASE_URL}</arg>
<doc>Navigates the current browser window to the provided ``url``.</doc>
<status status="PASS" start="2025-09-06T18:55:34.675290" elapsed="0.636138"/>
</kw>
<kw name="Maximize Browser Window" owner="SeleniumLibrary">
<doc>Maximizes current browser window.</doc>
<status status="PASS" start="2025-09-06T18:55:35.311712" elapsed="0.051010"/>
</kw>
<status status="PASS" start="2025-09-06T18:55:33.005307" elapsed="2.357754"/>
</kw>
<kw name="Enter locked out user and login" owner="login_keywords">
<kw name="Input Text" owner="SeleniumLibrary">
<msg time="2025-09-06T18:55:35.365937" level="INFO">Typing text 'locked_out_user' into text field 'id=user-name'.</msg>
<arg>id=user-name</arg>
<arg>locked_out_user</arg>
<doc>Types the given ``text`` into the text field identified by ``locator``.</doc>
<status status="PASS" start="2025-09-06T18:55:35.365145" elapsed="0.232819"/>
</kw>
<kw name="Input Text" owner="SeleniumLibrary">
<msg time="2025-09-06T18:55:35.600191" level="INFO">Typing text 'secret_sauce' into text field 'id=password'.</msg>
<arg>id=password</arg>
<arg>secret_sauce</arg>
<doc>Types the given ``text`` into the text field identified by ``locator``.</doc>
<status status="PASS" start="2025-09-06T18:55:35.598324" elapsed="0.127650"/>
</kw>
<kw name="Click Button" owner="SeleniumLibrary">
<msg time="2025-09-06T18:55:35.726576" level="INFO">Clicking button 'id=login-button'.</msg>
<arg>id=login-button</arg>
<doc>Clicks the button identified by ``locator``.</doc>
<status status="PASS" start="2025-09-06T18:55:35.726269" elapsed="0.156201"/>
</kw>
<arg>locked_out_user secret_sauce</arg>
<status status="PASS" start="2025-09-06T18:55:35.364315" elapsed="0.518458"/>
</kw>
<kw name="Element Should Be Visible" owner="SeleniumLibrary">
<msg time="2025-09-06T18:55:35.910345" level="INFO">Element 'xpath=//button[@class='error-button']' is displayed.</msg>
<arg>${LOCKED_OUT_ERROR}</arg>
<doc>Verifies that the element identified by ``locator`` is visible.</doc>
<status status="PASS" start="2025-09-06T18:55:35.883440" elapsed="0.027198"/>
</kw>
<kw name="Element Should Contain" owner="SeleniumLibrary">
<msg time="2025-09-06T18:55:35.957962" level="INFO">Element 'xpath=//h3[@data-test='error']' contains text 'Epic sadface: Sorry, this user has been locked out.'.</msg>
<arg>${LOCKED_OUT_ERROR_TEXT}</arg>
<arg>Epic sadface: Sorry, this user has been locked out.</arg>
<doc>Verifies that element ``locator`` contains text ``expected``.</doc>
<status status="PASS" start="2025-09-06T18:55:35.911386" elapsed="0.046833"/>
</kw>
<kw name="Sleep" owner="BuiltIn">
<msg time="2025-09-06T18:55:37.959992" level="INFO">Slept 2 seconds.</msg>
<arg>2s</arg>
<doc>Pauses the test executed for the given time.</doc>
<status status="PASS" start="2025-09-06T18:55:35.959055" elapsed="2.001366"/>
</kw>
<kw name="Close Browser" owner="SeleniumLibrary" type="TEARDOWN">
<doc>Closes the current browser.</doc>
<status status="PASS" start="2025-09-06T18:55:37.961407" elapsed="2.152198"/>
</kw>
<status status="PASS" start="2025-09-06T18:55:33.003722" elapsed="7.112252"/>
</test>
<test id="s1-t5" name="Login with invalid credentials" line="39">
<kw name="Open saucedemo Login Page" owner="login_keywords">
<kw name="Launch Browser With Clean Profile" owner="login_keywords">
<kw name="Create Dictionary" owner="BuiltIn">
<msg time="2025-09-06T18:55:40.129049" level="INFO">${prefs} = {'credentials_enable_service': 'False', 'profile.password_manager_enabled': 'False'}</msg>
<var>${prefs}</var>
<arg>credentials_enable_service=False</arg>
<arg>profile.password_manager_enabled=False</arg>
<doc>Creates and returns a dictionary based on the given ``items``.</doc>
<status status="PASS" start="2025-09-06T18:55:40.126929" elapsed="0.002924"/>
</kw>
<kw name="Evaluate" owner="BuiltIn">
<msg time="2025-09-06T18:55:40.132415" level="INFO">${options} = &lt;selenium.webdriver.chrome.options.Options object at 0x0000026ACCB1B360&gt;</msg>
<var>${options}</var>
<arg>sys.modules['selenium.webdriver'].ChromeOptions()</arg>
<arg>sys, selenium.webdriver</arg>
<doc>Evaluates the given expression in Python and returns the result.</doc>
<status status="PASS" start="2025-09-06T18:55:40.130853" elapsed="0.002033"/>
</kw>
<kw name="Call Method" owner="BuiltIn">
<arg>${options}</arg>
<arg>add_experimental_option</arg>
<arg>prefs</arg>
<arg>${prefs}</arg>
<doc>Calls the named method of the given object with the provided arguments.</doc>
<status status="PASS" start="2025-09-06T18:55:40.133493" elapsed="0.000818"/>
</kw>
<kw name="Call Method" owner="BuiltIn">
<arg>${options}</arg>
<arg>add_argument</arg>
<arg>--disable-save-password-bubble</arg>
<doc>Calls the named method of the given object with the provided arguments.</doc>
<status status="PASS" start="2025-09-06T18:55:40.134786" elapsed="0.000632"/>
</kw>
<kw name="Call Method" owner="BuiltIn">
<arg>${options}</arg>
<arg>add_argument</arg>
<arg>--disable-infobars</arg>
<doc>Calls the named method of the given object with the provided arguments.</doc>
<status status="PASS" start="2025-09-06T18:55:40.135925" elapsed="0.001020"/>
</kw>
<kw name="Call Method" owner="BuiltIn">
<arg>${options}</arg>
<arg>add_argument</arg>
<arg>--incognito</arg>
<doc>Calls the named method of the given object with the provided arguments.</doc>
<status status="PASS" start="2025-09-06T18:55:40.137470" elapsed="0.000464"/>
</kw>
<kw name="Create Webdriver" owner="SeleniumLibrary">
<msg time="2025-09-06T18:55:40.138704" level="INFO">Creating an instance of the Chrome WebDriver.</msg>
<msg time="2025-09-06T18:55:40.319133" level="WARN">The chromedriver version (139.0.7258.154) detected in PATH at C:\webdriver\chromedriver.exe might not be compatible with the detected chrome version (140.0.7339.80); currently, chromedriver 140.0.7339.80 is recommended for chrome 140.*, so it is advised to delete the driver in PATH and retry</msg>
<arg>Chrome</arg>
<arg>options=${options}</arg>
<doc>Creates an instance of Selenium WebDriver.</doc>
<status status="PASS" start="2025-09-06T18:55:40.138254" elapsed="1.545150"/>
</kw>
<status status="PASS" start="2025-09-06T18:55:40.125708" elapsed="1.558028"/>
</kw>
<kw name="Go To" owner="SeleniumLibrary">
<msg time="2025-09-06T18:55:41.684706" level="INFO">Opening url 'https://www.saucedemo.com'</msg>
<arg>${BASE_URL}</arg>
<doc>Navigates the current browser window to the provided ``url``.</doc>
<status status="PASS" start="2025-09-06T18:55:41.684031" elapsed="0.554534"/>
</kw>
<kw name="Maximize Browser Window" owner="SeleniumLibrary">
<doc>Maximizes current browser window.</doc>
<status status="PASS" start="2025-09-06T18:55:42.238845" elapsed="0.049635"/>
</kw>
<status status="PASS" start="2025-09-06T18:55:40.124019" elapsed="2.164698"/>
</kw>
<kw name="Enter wrong user and login" owner="login_keywords">
<kw name="Input Text" owner="SeleniumLibrary">
<msg time="2025-09-06T18:55:42.290855" level="INFO">Typing text 'wrong_user' into text field 'id=user-name'.</msg>
<arg>id=user-name</arg>
<arg>wrong_user</arg>
<doc>Types the given ``text`` into the text field identified by ``locator``.</doc>
<status status="PASS" start="2025-09-06T18:55:42.290295" elapsed="0.230530"/>
</kw>
<kw name="Input Text" owner="SeleniumLibrary">
<msg time="2025-09-06T18:55:42.521763" level="INFO">Typing text 'wrong_password' into text field 'id=password'.</msg>
<arg>id=password</arg>
<arg>wrong_password</arg>
<doc>Types the given ``text`` into the text field identified by ``locator``.</doc>
<status status="PASS" start="2025-09-06T18:55:42.521406" elapsed="0.131161"/>
</kw>
<kw name="Click Button" owner="SeleniumLibrary">
<msg time="2025-09-06T18:55:42.653279" level="INFO">Clicking button 'id=login-button'.</msg>
<arg>id=login-button</arg>
<doc>Clicks the button identified by ``locator``.</doc>
<status status="PASS" start="2025-09-06T18:55:42.652916" elapsed="0.091833"/>
</kw>
<arg>wrong_user wrong_password</arg>
<status status="PASS" start="2025-09-06T18:55:42.289771" elapsed="0.455185"/>
</kw>
<kw name="Element Should Be Visible" owner="SeleniumLibrary">
<msg time="2025-09-06T18:55:42.776790" level="INFO">Element 'xpath=//button[@class='error-button']' is displayed.</msg>
<arg>${LOCKED_OUT_ERROR}</arg>
<doc>Verifies that the element identified by ``locator`` is visible.</doc>
<status status="PASS" start="2025-09-06T18:55:42.745723" elapsed="0.031313"/>
</kw>
<kw name="Element Should Contain" owner="SeleniumLibrary">
<msg time="2025-09-06T18:55:42.811867" level="INFO">Element 'xpath=//h3[@data-test='error']' contains text 'Username and password do not match any user in this service'.</msg>
<arg>${LOCKED_OUT_ERROR_TEXT}</arg>
<arg>Username and password do not match any user in this service</arg>
<doc>Verifies that element ``locator`` contains text ``expected``.</doc>
<status status="PASS" start="2025-09-06T18:55:42.777882" elapsed="0.034220"/>
</kw>
<kw name="Sleep" owner="BuiltIn">
<msg time="2025-09-06T18:55:44.814455" level="INFO">Slept 2 seconds.</msg>
<arg>2s</arg>
<doc>Pauses the test executed for the given time.</doc>
<status status="PASS" start="2025-09-06T18:55:42.813014" elapsed="2.003349"/>
</kw>
<kw name="Close Browser" owner="SeleniumLibrary" type="TEARDOWN">
<doc>Closes the current browser.</doc>
<status status="PASS" start="2025-09-06T18:55:44.821698" elapsed="2.239751"/>
</kw>
<status status="PASS" start="2025-09-06T18:55:40.121203" elapsed="6.943215"/>
</test>
<test id="s1-t6" name="Login with empty credentials" line="48">
<kw name="Open saucedemo Login Page" owner="login_keywords">
<kw name="Launch Browser With Clean Profile" owner="login_keywords">
<kw name="Create Dictionary" owner="BuiltIn">
<msg time="2025-09-06T18:55:47.077600" level="INFO">${prefs} = {'credentials_enable_service': 'False', 'profile.password_manager_enabled': 'False'}</msg>
<var>${prefs}</var>
<arg>credentials_enable_service=False</arg>
<arg>profile.password_manager_enabled=False</arg>
<doc>Creates and returns a dictionary based on the given ``items``.</doc>
<status status="PASS" start="2025-09-06T18:55:47.075388" elapsed="0.002665"/>
</kw>
<kw name="Evaluate" owner="BuiltIn">
<msg time="2025-09-06T18:55:47.080317" level="INFO">${options} = &lt;selenium.webdriver.chrome.options.Options object at 0x0000026ACCBA9130&gt;</msg>
<var>${options}</var>
<arg>sys.modules['selenium.webdriver'].ChromeOptions()</arg>
<arg>sys, selenium.webdriver</arg>
<doc>Evaluates the given expression in Python and returns the result.</doc>
<status status="PASS" start="2025-09-06T18:55:47.078794" elapsed="0.002125"/>
</kw>
<kw name="Call Method" owner="BuiltIn">
<arg>${options}</arg>
<arg>add_experimental_option</arg>
<arg>prefs</arg>
<arg>${prefs}</arg>
<doc>Calls the named method of the given object with the provided arguments.</doc>
<status status="PASS" start="2025-09-06T18:55:47.082132" elapsed="0.001362"/>
</kw>
<kw name="Call Method" owner="BuiltIn">
<arg>${options}</arg>
<arg>add_argument</arg>
<arg>--disable-save-password-bubble</arg>
<doc>Calls the named method of the given object with the provided arguments.</doc>
<status status="PASS" start="2025-09-06T18:55:47.085256" elapsed="0.000845"/>
</kw>
<kw name="Call Method" owner="BuiltIn">
<arg>${options}</arg>
<arg>add_argument</arg>
<arg>--disable-infobars</arg>
<doc>Calls the named method of the given object with the provided arguments.</doc>
<status status="PASS" start="2025-09-06T18:55:47.086509" elapsed="0.000477"/>
</kw>
<kw name="Call Method" owner="BuiltIn">
<arg>${options}</arg>
<arg>add_argument</arg>
<arg>--incognito</arg>
<doc>Calls the named method of the given object with the provided arguments.</doc>
<status status="PASS" start="2025-09-06T18:55:47.087318" elapsed="0.000365"/>
</kw>
<kw name="Create Webdriver" owner="SeleniumLibrary">
<msg time="2025-09-06T18:55:47.088347" level="INFO">Creating an instance of the Chrome WebDriver.</msg>
<msg time="2025-09-06T18:55:47.422919" level="WARN">The chromedriver version (139.0.7258.154) detected in PATH at C:\webdriver\chromedriver.exe might not be compatible with the detected chrome version (140.0.7339.80); currently, chromedriver 140.0.7339.80 is recommended for chrome 140.*, so it is advised to delete the driver in PATH and retry</msg>
<arg>Chrome</arg>
<arg>options=${options}</arg>
<doc>Creates an instance of Selenium WebDriver.</doc>
<status status="PASS" start="2025-09-06T18:55:47.087963" elapsed="1.697205"/>
</kw>
<status status="PASS" start="2025-09-06T18:55:47.073179" elapsed="1.712395"/>
</kw>
<kw name="Go To" owner="SeleniumLibrary">
<msg time="2025-09-06T18:55:48.786374" level="INFO">Opening url 'https://www.saucedemo.com'</msg>
<arg>${BASE_URL}</arg>
<doc>Navigates the current browser window to the provided ``url``.</doc>
<status status="PASS" start="2025-09-06T18:55:48.785898" elapsed="0.570776"/>
</kw>
<kw name="Maximize Browser Window" owner="SeleniumLibrary">
<doc>Maximizes current browser window.</doc>
<status status="PASS" start="2025-09-06T18:55:49.356956" elapsed="0.067129"/>
</kw>
<status status="PASS" start="2025-09-06T18:55:47.072804" elapsed="2.351617"/>
</kw>
<kw name="Empty credentials and login" owner="login_keywords">
<kw name="Click Button" owner="SeleniumLibrary">
<msg time="2025-09-06T18:55:49.426520" level="INFO">Clicking button 'id=login-button'.</msg>
<arg>id=login-button</arg>
<doc>Clicks the button identified by ``locator``.</doc>
<status status="PASS" start="2025-09-06T18:55:49.426104" elapsed="0.171505"/>
</kw>
<status status="PASS" start="2025-09-06T18:55:49.425470" elapsed="0.172357"/>
</kw>
<kw name="Element Should Contain" owner="SeleniumLibrary">
<msg time="2025-09-06T18:55:49.643968" level="INFO">Element 'xpath=//h3[@data-test='error']' contains text 'Epic sadface: Username is required'.</msg>
<arg>${LOCKED_OUT_ERROR_TEXT}</arg>
<arg>Epic sadface: Username is required</arg>
<doc>Verifies that element ``locator`` contains text ``expected``.</doc>
<status status="PASS" start="2025-09-06T18:55:49.599135" elapsed="0.045101"/>
</kw>
<kw name="Sleep" owner="BuiltIn">
<msg time="2025-09-06T18:55:51.646317" level="INFO">Slept 2 seconds.</msg>
<arg>2s</arg>
<doc>Pauses the test executed for the given time.</doc>
<status status="PASS" start="2025-09-06T18:55:49.645284" elapsed="2.002014"/>
</kw>
<kw name="Close Browser" owner="SeleniumLibrary" type="TEARDOWN">
<doc>Closes the current browser.</doc>
<status status="PASS" start="2025-09-06T18:55:51.650997" elapsed="2.243282"/>
</kw>
<status status="PASS" start="2025-09-06T18:55:47.072065" elapsed="6.825655"/>
</test>
<test id="s1-t7" name="Login without password" line="56">
<kw name="Open saucedemo Login Page" owner="login_keywords">
<kw name="Launch Browser With Clean Profile" owner="login_keywords">
<kw name="Create Dictionary" owner="BuiltIn">
<msg time="2025-09-06T18:55:53.910833" level="INFO">${prefs} = {'credentials_enable_service': 'False', 'profile.password_manager_enabled': 'False'}</msg>
<var>${prefs}</var>
<arg>credentials_enable_service=False</arg>
<arg>profile.password_manager_enabled=False</arg>
<doc>Creates and returns a dictionary based on the given ``items``.</doc>
<status status="PASS" start="2025-09-06T18:55:53.909601" elapsed="0.001819"/>
</kw>
<kw name="Evaluate" owner="BuiltIn">
<msg time="2025-09-06T18:55:53.913550" level="INFO">${options} = &lt;selenium.webdriver.chrome.options.Options object at 0x0000026ACCBAD590&gt;</msg>
<var>${options}</var>
<arg>sys.modules['selenium.webdriver'].ChromeOptions()</arg>
<arg>sys, selenium.webdriver</arg>
<doc>Evaluates the given expression in Python and returns the result.</doc>
<status status="PASS" start="2025-09-06T18:55:53.912155" elapsed="0.001878"/>
</kw>
<kw name="Call Method" owner="BuiltIn">
<arg>${options}</arg>
<arg>add_experimental_option</arg>
<arg>prefs</arg>
<arg>${prefs}</arg>
<doc>Calls the named method of the given object with the provided arguments.</doc>
<status status="PASS" start="2025-09-06T18:55:53.915002" elapsed="0.001893"/>
</kw>
<kw name="Call Method" owner="BuiltIn">
<arg>${options}</arg>
<arg>add_argument</arg>
<arg>--disable-save-password-bubble</arg>
<doc>Calls the named method of the given object with the provided arguments.</doc>
<status status="PASS" start="2025-09-06T18:55:53.917914" elapsed="0.001016"/>
</kw>
<kw name="Call Method" owner="BuiltIn">
<arg>${options}</arg>
<arg>add_argument</arg>
<arg>--disable-infobars</arg>
<doc>Calls the named method of the given object with the provided arguments.</doc>
<status status="PASS" start="2025-09-06T18:55:53.919740" elapsed="0.000739"/>
</kw>
<kw name="Call Method" owner="BuiltIn">
<arg>${options}</arg>
<arg>add_argument</arg>
<arg>--incognito</arg>
<doc>Calls the named method of the given object with the provided arguments.</doc>
<status status="PASS" start="2025-09-06T18:55:53.921001" elapsed="0.000626"/>
</kw>
<kw name="Create Webdriver" owner="SeleniumLibrary">
<msg time="2025-09-06T18:55:53.922761" level="INFO">Creating an instance of the Chrome WebDriver.</msg>
<msg time="2025-09-06T18:55:54.277873" level="WARN">The chromedriver version (139.0.7258.154) detected in PATH at C:\webdriver\chromedriver.exe might not be compatible with the detected chrome version (140.0.7339.80); currently, chromedriver 140.0.7339.80 is recommended for chrome 140.*, so it is advised to delete the driver in PATH and retry</msg>
<arg>Chrome</arg>
<arg>options=${options}</arg>
<doc>Creates an instance of Selenium WebDriver.</doc>
<status status="PASS" start="2025-09-06T18:55:53.922099" elapsed="1.748142"/>
</kw>
<status status="PASS" start="2025-09-06T18:55:53.908328" elapsed="1.762242"/>
</kw>
<kw name="Go To" owner="SeleniumLibrary">
<msg time="2025-09-06T18:55:55.671020" level="INFO">Opening url 'https://www.saucedemo.com'</msg>
<arg>${BASE_URL}</arg>
<doc>Navigates the current browser window to the provided ``url``.</doc>
<status status="PASS" start="2025-09-06T18:55:55.670802" elapsed="0.528990"/>
</kw>
<kw name="Maximize Browser Window" owner="SeleniumLibrary">
<doc>Maximizes current browser window.</doc>
<status status="PASS" start="2025-09-06T18:55:56.200391" elapsed="0.049246"/>
</kw>
<status status="PASS" start="2025-09-06T18:55:53.906669" elapsed="2.343401"/>
</kw>
<kw name="Username but no password" owner="login_keywords">
<kw name="Input Text" owner="SeleniumLibrary">
<msg time="2025-09-06T18:55:56.252883" level="INFO">Typing text 'standard_user' into text field 'id=user-name'.</msg>
<arg>id=user-name</arg>
<arg>standard_user</arg>
<doc>Types the given ``text`` into the text field identified by ``locator``.</doc>
<status status="PASS" start="2025-09-06T18:55:56.252463" elapsed="0.197558"/>
</kw>
<kw name="Click Button" owner="SeleniumLibrary">
<msg time="2025-09-06T18:55:56.451247" level="INFO">Clicking button 'id=login-button'.</msg>
<arg>id=login-button</arg>
<doc>Clicks the button identified by ``locator``.</doc>
<status status="PASS" start="2025-09-06T18:55:56.450746" elapsed="0.112938"/>
</kw>
<arg>standard_user</arg>
<status status="PASS" start="2025-09-06T18:55:56.251635" elapsed="0.312280"/>
</kw>
<kw name="Element Should Contain" owner="SeleniumLibrary">
<msg time="2025-09-06T18:55:56.604286" level="INFO">Element 'xpath=//h3[@data-test='error']' contains text 'Epic sadface: Password is required'.</msg>
<arg>${LOCKED_OUT_ERROR_TEXT}</arg>
<arg>Epic sadface: Password is required</arg>
<doc>Verifies that element ``locator`` contains text ``expected``.</doc>
<status status="PASS" start="2025-09-06T18:55:56.564635" elapsed="0.039892"/>
</kw>
<kw name="Sleep" owner="BuiltIn">
<msg time="2025-09-06T18:55:58.606094" level="INFO">Slept 2 seconds.</msg>
<arg>2s</arg>
<doc>Pauses the test executed for the given time.</doc>
<status status="PASS" start="2025-09-06T18:55:56.605328" elapsed="2.001766"/>
</kw>
<kw name="Close Browser" owner="SeleniumLibrary" type="TEARDOWN">
<doc>Closes the current browser.</doc>
<status status="PASS" start="2025-09-06T18:55:58.610560" elapsed="2.225237"/>
</kw>
<status status="PASS" start="2025-09-06T18:55:53.903353" elapsed="6.935721"/>
</test>
<test id="s1-t8" name="Clicking cancel mark at error message" line="64">
<kw name="Open saucedemo Login Page" owner="login_keywords">
<kw name="Launch Browser With Clean Profile" owner="login_keywords">
<kw name="Create Dictionary" owner="BuiltIn">
<msg time="2025-09-06T18:56:00.850455" level="INFO">${prefs} = {'credentials_enable_service': 'False', 'profile.password_manager_enabled': 'False'}</msg>
<var>${prefs}</var>
<arg>credentials_enable_service=False</arg>
<arg>profile.password_manager_enabled=False</arg>
<doc>Creates and returns a dictionary based on the given ``items``.</doc>
<status status="PASS" start="2025-09-06T18:56:00.848681" elapsed="0.002793"/>
</kw>
<kw name="Evaluate" owner="BuiltIn">
<msg time="2025-09-06T18:56:00.852780" level="INFO">${options} = &lt;selenium.webdriver.chrome.options.Options object at 0x0000026ACCBAD150&gt;</msg>
<var>${options}</var>
<arg>sys.modules['selenium.webdriver'].ChromeOptions()</arg>
<arg>sys, selenium.webdriver</arg>
<doc>Evaluates the given expression in Python and returns the result.</doc>
<status status="PASS" start="2025-09-06T18:56:00.852087" elapsed="0.000923"/>
</kw>
<kw name="Call Method" owner="BuiltIn">
<arg>${options}</arg>
<arg>add_experimental_option</arg>
<arg>prefs</arg>
<arg>${prefs}</arg>
<doc>Calls the named method of the given object with the provided arguments.</doc>
<status status="PASS" start="2025-09-06T18:56:00.853306" elapsed="0.000369"/>
</kw>
<kw name="Call Method" owner="BuiltIn">
<arg>${options}</arg>
<arg>add_argument</arg>
<arg>--disable-save-password-bubble</arg>
<doc>Calls the named method of the given object with the provided arguments.</doc>
<status status="PASS" start="2025-09-06T18:56:00.853919" elapsed="0.000283"/>
</kw>
<kw name="Call Method" owner="BuiltIn">
<arg>${options}</arg>
<arg>add_argument</arg>
<arg>--disable-infobars</arg>
<doc>Calls the named method of the given object with the provided arguments.</doc>
<status status="PASS" start="2025-09-06T18:56:00.854430" elapsed="0.000449"/>
</kw>
<kw name="Call Method" owner="BuiltIn">
<arg>${options}</arg>
<arg>add_argument</arg>
<arg>--incognito</arg>
<doc>Calls the named method of the given object with the provided arguments.</doc>
<status status="PASS" start="2025-09-06T18:56:00.855092" elapsed="0.000227"/>
</kw>
<kw name="Create Webdriver" owner="SeleniumLibrary">
<msg time="2025-09-06T18:56:00.855918" level="INFO">Creating an instance of the Chrome WebDriver.</msg>
<msg time="2025-09-06T18:56:01.155880" level="WARN">The chromedriver version (139.0.7258.154) detected in PATH at C:\webdriver\chromedriver.exe might not be compatible with the detected chrome version (140.0.7339.80); currently, chromedriver 140.0.7339.80 is recommended for chrome 140.*, so it is advised to delete the driver in PATH and retry</msg>
<arg>Chrome</arg>
<arg>options=${options}</arg>
<doc>Creates an instance of Selenium WebDriver.</doc>
<status status="PASS" start="2025-09-06T18:56:00.855488" elapsed="1.575722"/>
</kw>
<status status="PASS" start="2025-09-06T18:56:00.847596" elapsed="1.584043"/>
</kw>
<kw name="Go To" owner="SeleniumLibrary">
<msg time="2025-09-06T18:56:02.432306" level="INFO">Opening url 'https://www.saucedemo.com'</msg>
<arg>${BASE_URL}</arg>
<doc>Navigates the current browser window to the provided ``url``.</doc>
<status status="PASS" start="2025-09-06T18:56:02.431944" elapsed="2.465067"/>
</kw>
<kw name="Maximize Browser Window" owner="SeleniumLibrary">
<doc>Maximizes current browser window.</doc>
<status status="PASS" start="2025-09-06T18:56:04.897270" elapsed="0.036657"/>
</kw>
<status status="PASS" start="2025-09-06T18:56:00.846503" elapsed="4.088075"/>
</kw>
<kw name="Username but no password" owner="login_keywords">
<kw name="Input Text" owner="SeleniumLibrary">
<msg time="2025-09-06T18:56:04.938367" level="INFO">Typing text 'standard_user' into text field 'id=user-name'.</msg>
<arg>id=user-name</arg>
<arg>standard_user</arg>
<doc>Types the given ``text`` into the text field identified by ``locator``.</doc>
<status status="PASS" start="2025-09-06T18:56:04.937593" elapsed="0.207038"/>
</kw>
<kw name="Click Button" owner="SeleniumLibrary">
<msg time="2025-09-06T18:56:05.145207" level="INFO">Clicking button 'id=login-button'.</msg>
<arg>id=login-button</arg>
<doc>Clicks the button identified by ``locator``.</doc>
<status status="PASS" start="2025-09-06T18:56:05.144929" elapsed="0.106841"/>
</kw>
<arg>standard_user</arg>
<status status="PASS" start="2025-09-06T18:56:04.936417" elapsed="0.315720"/>
</kw>
<kw name="Element Should Contain" owner="SeleniumLibrary">
<msg time="2025-09-06T18:56:05.287435" level="INFO">Element 'xpath=//h3[@data-test='error']' contains text 'Epic sadface: Password is required'.</msg>
<arg>${LOCKED_OUT_ERROR_TEXT}</arg>
<arg>Epic sadface: Password is required</arg>
<doc>Verifies that element ``locator`` contains text ``expected``.</doc>
<status status="PASS" start="2025-09-06T18:56:05.252839" elapsed="0.034827"/>
</kw>
<kw name="Element Should Be Visible" owner="SeleniumLibrary">
<msg time="2025-09-06T18:56:05.319727" level="INFO">Element 'xpath=//button[@class='error-button']//*[name()='svg']//*[name()='path' and contains(@fill,'currentCol')]' is displayed.</msg>
<arg>${CANCEL_MARK_AT_ERROR}</arg>
<doc>Verifies that the element identified by ``locator`` is visible.</doc>
<status status="PASS" start="2025-09-06T18:56:05.288431" elapsed="0.031627"/>
</kw>
<kw name="Click Element" owner="SeleniumLibrary">
<msg time="2025-09-06T18:56:05.321421" level="INFO">Clicking element 'xpath=//button[@class='error-button']//*[name()='svg']//*[name()='path' and contains(@fill,'currentCol')]'.</msg>
<arg>${CANCEL_MARK_AT_ERROR}</arg>
<doc>Click the element identified by ``locator``.</doc>
<status status="PASS" start="2025-09-06T18:56:05.320947" elapsed="0.117635"/>
</kw>
<kw name="Element Should Not Be Visible" owner="SeleniumLibrary">
<msg time="2025-09-06T18:56:05.449529" level="INFO">Element 'xpath=//h3[@data-test='error']' did not exist.</msg>
<arg>${LOCKED_OUT_ERROR_TEXT}</arg>
<doc>Verifies that the element identified by ``locator`` is NOT visible.</doc>
<status status="PASS" start="2025-09-06T18:56:05.439372" elapsed="0.010432"/>
</kw>
<kw name="Sleep" owner="BuiltIn">
<msg time="2025-09-06T18:56:07.451841" level="INFO">Slept 2 seconds.</msg>
<arg>2s</arg>
<doc>Pauses the test executed for the given time.</doc>
<status status="PASS" start="2025-09-06T18:56:05.450511" elapsed="2.004040"/>
</kw>
<kw name="Close Browser" owner="SeleniumLibrary" type="TEARDOWN">
<doc>Closes the current browser.</doc>
<status status="PASS" start="2025-09-06T18:56:07.467085" elapsed="2.283472"/>
</kw>
<status status="PASS" start="2025-09-06T18:56:00.844573" elapsed="8.913298"/>
</test>
<test id="s1-t9" name="Login with performance glitch user" line="75">
<kw name="Open saucedemo Login Page" owner="login_keywords">
<kw name="Launch Browser With Clean Profile" owner="login_keywords">
<kw name="Create Dictionary" owner="BuiltIn">
<msg time="2025-09-06T18:56:09.792025" level="INFO">${prefs} = {'credentials_enable_service': 'False', 'profile.password_manager_enabled': 'False'}</msg>
<var>${prefs}</var>
<arg>credentials_enable_service=False</arg>
<arg>profile.password_manager_enabled=False</arg>
<doc>Creates and returns a dictionary based on the given ``items``.</doc>
<status status="PASS" start="2025-09-06T18:56:09.789734" elapsed="0.003272"/>
</kw>
<kw name="Evaluate" owner="BuiltIn">
<msg time="2025-09-06T18:56:09.799314" level="INFO">${options} = &lt;selenium.webdriver.chrome.options.Options object at 0x0000026ACCAC7550&gt;</msg>
<var>${options}</var>
<arg>sys.modules['selenium.webdriver'].ChromeOptions()</arg>
<arg>sys, selenium.webdriver</arg>
<doc>Evaluates the given expression in Python and returns the result.</doc>
<status status="PASS" start="2025-09-06T18:56:09.794569" elapsed="0.006263"/>
</kw>
<kw name="Call Method" owner="BuiltIn">
<arg>${options}</arg>
<arg>add_experimental_option</arg>
<arg>prefs</arg>
<arg>${prefs}</arg>
<doc>Calls the named method of the given object with the provided arguments.</doc>
<status status="PASS" start="2025-09-06T18:56:09.803495" elapsed="0.004039"/>
</kw>
<kw name="Call Method" owner="BuiltIn">
<arg>${options}</arg>
<arg>add_argument</arg>
<arg>--disable-save-password-bubble</arg>
<doc>Calls the named method of the given object with the provided arguments.</doc>
<status status="PASS" start="2025-09-06T18:56:09.809649" elapsed="0.002751"/>
</kw>
<kw name="Call Method" owner="BuiltIn">
<arg>${options}</arg>
<arg>add_argument</arg>
<arg>--disable-infobars</arg>
<doc>Calls the named method of the given object with the provided arguments.</doc>
<status status="PASS" start="2025-09-06T18:56:09.815044" elapsed="0.005049"/>
</kw>
<kw name="Call Method" owner="BuiltIn">
<arg>${options}</arg>
<arg>add_argument</arg>
<arg>--incognito</arg>
<doc>Calls the named method of the given object with the provided arguments.</doc>
<status status="PASS" start="2025-09-06T18:56:09.822358" elapsed="0.002448"/>
</kw>
<kw name="Create Webdriver" owner="SeleniumLibrary">
<msg time="2025-09-06T18:56:09.829634" level="INFO">Creating an instance of the Chrome WebDriver.</msg>
<msg time="2025-09-06T18:56:10.172162" level="WARN">The chromedriver version (139.0.7258.154) detected in PATH at C:\webdriver\chromedriver.exe might not be compatible with the detected chrome version (140.0.7339.80); currently, chromedriver 140.0.7339.80 is recommended for chrome 140.*, so it is advised to delete the driver in PATH and retry</msg>
<arg>Chrome</arg>
<arg>options=${options}</arg>
<doc>Creates an instance of Selenium WebDriver.</doc>
<status status="PASS" start="2025-09-06T18:56:09.826394" elapsed="1.843445"/>
</kw>
<status status="PASS" start="2025-09-06T18:56:09.787223" elapsed="1.883076"/>
</kw>
<kw name="Go To" owner="SeleniumLibrary">
<msg time="2025-09-06T18:56:11.671485" level="INFO">Opening url 'https://www.saucedemo.com'</msg>
<arg>${BASE_URL}</arg>
<doc>Navigates the current browser window to the provided ``url``.</doc>
<status status="PASS" start="2025-09-06T18:56:11.670931" elapsed="0.578766"/>
</kw>
<kw name="Maximize Browser Window" owner="SeleniumLibrary">
<doc>Maximizes current browser window.</doc>
<status status="PASS" start="2025-09-06T18:56:12.250386" elapsed="0.050938"/>
</kw>
<status status="PASS" start="2025-09-06T18:56:09.783257" elapsed="2.518637"/>
</kw>
<kw name="Enter Username password and login" owner="login_keywords">
<kw name="Input Text" owner="SeleniumLibrary">
<msg time="2025-09-06T18:56:12.306785" level="INFO">Typing text 'standard_user' into text field 'id=user-name'.</msg>
<arg>id=user-name</arg>
<arg>standard_user</arg>
<doc>Types the given ``text`` into the text field identified by ``locator``.</doc>
<status status="PASS" start="2025-09-06T18:56:12.305630" elapsed="0.220516"/>
</kw>
<kw name="Input Text" owner="SeleniumLibrary">
<msg time="2025-09-06T18:56:12.527416" level="INFO">Typing text 'secret_sauce' into text field 'id=password'.</msg>
<arg>id=password</arg>
<arg>secret_sauce</arg>
<doc>Types the given ``text`` into the text field identified by ``locator``.</doc>
<status status="PASS" start="2025-09-06T18:56:12.526768" elapsed="0.159846"/>
</kw>
<kw name="Click Button" owner="SeleniumLibrary">
<msg time="2025-09-06T18:56:12.689059" level="INFO">Clicking button 'id=login-button'.</msg>
<arg>id=login-button</arg>
<doc>Clicks the button identified by ``locator``.</doc>
<status status="PASS" start="2025-09-06T18:56:12.687609" elapsed="0.241409"/>
</kw>
<arg>performance_glitch_user secret_sauce</arg>
<status status="PASS" start="2025-09-06T18:56:12.304596" elapsed="0.624739"/>
</kw>
<kw name="Sleep" owner="BuiltIn">
<msg time="2025-09-06T18:56:14.936026" level="INFO">Slept 2 seconds.</msg>
<arg>2s</arg>
<doc>Pauses the test executed for the given time.</doc>
<status status="PASS" start="2025-09-06T18:56:12.933032" elapsed="2.004624"/>
</kw>
<kw name="Close Browser" owner="SeleniumLibrary" type="TEARDOWN">
<doc>Closes the current browser.</doc>
<status status="PASS" start="2025-09-06T18:56:14.947132" elapsed="2.333273"/>
</kw>
<status status="PASS" start="2025-09-06T18:56:09.777542" elapsed="7.508438"/>
</test>
<test id="s1-t10" name="Checking the page title and product text after login" line="82">
<kw name="Open saucedemo Login Page" owner="login_keywords">
<kw name="Launch Browser With Clean Profile" owner="login_keywords">
<kw name="Create Dictionary" owner="BuiltIn">
<msg time="2025-09-06T18:56:17.309535" level="INFO">${prefs} = {'credentials_enable_service': 'False', 'profile.password_manager_enabled': 'False'}</msg>
<var>${prefs}</var>
<arg>credentials_enable_service=False</arg>
<arg>profile.password_manager_enabled=False</arg>
<doc>Creates and returns a dictionary based on the given ``items``.</doc>
<status status="PASS" start="2025-09-06T18:56:17.307212" elapsed="0.004326"/>
</kw>
<kw name="Evaluate" owner="BuiltIn">
<msg time="2025-09-06T18:56:17.318848" level="INFO">${options} = &lt;selenium.webdriver.chrome.options.Options object at 0x0000026ACCAC7A50&gt;</msg>
<var>${options}</var>
<arg>sys.modules['selenium.webdriver'].ChromeOptions()</arg>
<arg>sys, selenium.webdriver</arg>
<doc>Evaluates the given expression in Python and returns the result.</doc>
<status status="PASS" start="2025-09-06T18:56:17.313578" elapsed="0.006421"/>
</kw>
<kw name="Call Method" owner="BuiltIn">
<arg>${options}</arg>
<arg>add_experimental_option</arg>
<arg>prefs</arg>
<arg>${prefs}</arg>
<doc>Calls the named method of the given object with the provided arguments.</doc>
<status status="PASS" start="2025-09-06T18:56:17.321701" elapsed="0.002192"/>
</kw>
<kw name="Call Method" owner="BuiltIn">
<arg>${options}</arg>
<arg>add_argument</arg>
<arg>--disable-save-password-bubble</arg>
<doc>Calls the named method of the given object with the provided arguments.</doc>
<status status="PASS" start="2025-09-06T18:56:17.325366" elapsed="0.007120"/>
</kw>
<kw name="Call Method" owner="BuiltIn">
<arg>${options}</arg>
<arg>add_argument</arg>
<arg>--disable-infobars</arg>
<doc>Calls the named method of the given object with the provided arguments.</doc>
<status status="PASS" start="2025-09-06T18:56:17.337482" elapsed="0.003604"/>
</kw>
<kw name="Call Method" owner="BuiltIn">
<arg>${options}</arg>
<arg>add_argument</arg>
<arg>--incognito</arg>
<doc>Calls the named method of the given object with the provided arguments.</doc>
<status status="PASS" start="2025-09-06T18:56:17.344409" elapsed="0.002985"/>
</kw>
<kw name="Create Webdriver" owner="SeleniumLibrary">
<msg time="2025-09-06T18:56:17.353044" level="INFO">Creating an instance of the Chrome WebDriver.</msg>
<msg time="2025-09-06T18:56:17.702991" level="WARN">The chromedriver version (139.0.7258.154) detected in PATH at C:\webdriver\chromedriver.exe might not be compatible with the detected chrome version (140.0.7339.80); currently, chromedriver 140.0.7339.80 is recommended for chrome 140.*, so it is advised to delete the driver in PATH and retry</msg>
<arg>Chrome</arg>
<arg>options=${options}</arg>
<doc>Creates an instance of Selenium WebDriver.</doc>
<status status="PASS" start="2025-09-06T18:56:17.350005" elapsed="1.781586"/>
</kw>
<status status="PASS" start="2025-09-06T18:56:17.304241" elapsed="1.827864"/>
</kw>
<kw name="Go To" owner="SeleniumLibrary">
<msg time="2025-09-06T18:56:19.133163" level="INFO">Opening url 'https://www.saucedemo.com'</msg>
<arg>${BASE_URL}</arg>
<doc>Navigates the current browser window to the provided ``url``.</doc>
<status status="PASS" start="2025-09-06T18:56:19.132806" elapsed="0.562206"/>
</kw>
<kw name="Maximize Browser Window" owner="SeleniumLibrary">
<doc>Maximizes current browser window.</doc>
<status status="PASS" start="2025-09-06T18:56:19.695896" elapsed="0.076938"/>
</kw>
<status status="PASS" start="2025-09-06T18:56:17.296421" elapsed="2.476898"/>
</kw>
<kw name="Enter Username password and login" owner="login_keywords">
<kw name="Input Text" owner="SeleniumLibrary">
<msg time="2025-09-06T18:56:19.777552" level="INFO">Typing text 'standard_user' into text field 'id=user-name'.</msg>
<arg>id=user-name</arg>
<arg>standard_user</arg>
<doc>Types the given ``text`` into the text field identified by ``locator``.</doc>
<status status="PASS" start="2025-09-06T18:56:19.776612" elapsed="0.211636"/>
</kw>
<kw name="Input Text" owner="SeleniumLibrary">
<msg time="2025-09-06T18:56:19.990616" level="INFO">Typing text 'secret_sauce' into text field 'id=password'.</msg>
<arg>id=password</arg>
<arg>secret_sauce</arg>
<doc>Types the given ``text`` into the text field identified by ``locator``.</doc>
<status status="PASS" start="2025-09-06T18:56:19.989467" elapsed="0.209629"/>
</kw>
<kw name="Click Button" owner="SeleniumLibrary">
<msg time="2025-09-06T18:56:20.201188" level="INFO">Clicking button 'id=login-button'.</msg>
<arg>id=login-button</arg>
<doc>Clicks the button identified by ``locator``.</doc>
<status status="PASS" start="2025-09-06T18:56:20.199911" elapsed="0.159833"/>
</kw>
<arg>standard_user secret_sauce</arg>
<status status="PASS" start="2025-09-06T18:56:19.775057" elapsed="0.584974"/>
</kw>
<kw name="Element Should Be Visible" owner="SeleniumLibrary">
<msg time="2025-09-06T18:56:20.403843" level="INFO">Element 'class=app_logo' is displayed.</msg>
<arg>${PAGE_TITLE}</arg>
<doc>Verifies that the element identified by ``locator`` is visible.</doc>
<status status="PASS" start="2025-09-06T18:56:20.365087" elapsed="0.039271"/>
</kw>
<kw name="Element Should Contain" owner="SeleniumLibrary">
<msg time="2025-09-06T18:56:20.436610" level="INFO">Element 'class=app_logo' contains text 'Swag Labs'.</msg>
<arg>${PAGE_TITLE}</arg>
<arg>Swag Labs</arg>
<doc>Verifies that element ``locator`` contains text ``expected``.</doc>
<status status="PASS" start="2025-09-06T18:56:20.407861" elapsed="0.029258"/>
</kw>
<kw name="Element Should Be Visible" owner="SeleniumLibrary">
<msg time="2025-09-06T18:56:20.480161" level="INFO">Element 'class=title' is displayed.</msg>
<arg>${PRODUCTS_TEXT}</arg>
<doc>Verifies that the element identified by ``locator`` is visible.</doc>
<status status="PASS" start="2025-09-06T18:56:20.442717" elapsed="0.038000"/>
</kw>
<kw name="Element Should Contain" owner="SeleniumLibrary">
<msg time="2025-09-06T18:56:20.512507" level="INFO">Element 'class=title' contains text 'Products'.</msg>
<arg>${PRODUCTS_TEXT}</arg>
<arg>Products</arg>
<doc>Verifies that element ``locator`` contains text ``expected``.</doc>
<status status="PASS" start="2025-09-06T18:56:20.485220" elapsed="0.027833"/>
</kw>
<kw name="Sleep" owner="BuiltIn">
<msg time="2025-09-06T18:56:22.516823" level="INFO">Slept 2 seconds.</msg>
<arg>2s</arg>
<doc>Pauses the test executed for the given time.</doc>
<status status="PASS" start="2025-09-06T18:56:20.514348" elapsed="2.003717"/>
</kw>
<kw name="Close Browser" owner="SeleniumLibrary" type="TEARDOWN">
<doc>Closes the current browser.</doc>
<status status="PASS" start="2025-09-06T18:56:22.522017" elapsed="2.278743"/>
</kw>
<status status="PASS" start="2025-09-06T18:56:17.292551" elapsed="7.514585"/>
</test>
<test id="s1-t11" name="Selecting an item from the products list | adding to cart | checking the cart | Removing from cart | checking the cart" line="93">
<kw name="Open saucedemo Login Page" owner="login_keywords">
<kw name="Launch Browser With Clean Profile" owner="login_keywords">
<kw name="Create Dictionary" owner="BuiltIn">
<msg time="2025-09-06T18:56:24.818757" level="INFO">${prefs} = {'credentials_enable_service': 'False', 'profile.password_manager_enabled': 'False'}</msg>
<var>${prefs}</var>
<arg>credentials_enable_service=False</arg>
<arg>profile.password_manager_enabled=False</arg>
<doc>Creates and returns a dictionary based on the given ``items``.</doc>
<status status="PASS" start="2025-09-06T18:56:24.817710" elapsed="0.001394"/>
</kw>
<kw name="Evaluate" owner="BuiltIn">
<msg time="2025-09-06T18:56:24.820344" level="INFO">${options} = &lt;selenium.webdriver.chrome.options.Options object at 0x0000026ACCA9A210&gt;</msg>
<var>${options}</var>
<arg>sys.modules['selenium.webdriver'].ChromeOptions()</arg>
<arg>sys, selenium.webdriver</arg>
<doc>Evaluates the given expression in Python and returns the result.</doc>
<status status="PASS" start="2025-09-06T18:56:24.819535" elapsed="0.001230"/>
</kw>
<kw name="Call Method" owner="BuiltIn">
<arg>${options}</arg>
<arg>add_experimental_option</arg>
<arg>prefs</arg>
<arg>${prefs}</arg>
<doc>Calls the named method of the given object with the provided arguments.</doc>
<status status="PASS" start="2025-09-06T18:56:24.821167" elapsed="0.000557"/>
</kw>
<kw name="Call Method" owner="BuiltIn">
<arg>${options}</arg>
<arg>add_argument</arg>
<arg>--disable-save-password-bubble</arg>
<doc>Calls the named method of the given object with the provided arguments.</doc>
<status status="PASS" start="2025-09-06T18:56:24.822154" elapsed="0.000499"/>
</kw>
<kw name="Call Method" owner="BuiltIn">
<arg>${options}</arg>
<arg>add_argument</arg>
<arg>--disable-infobars</arg>
<doc>Calls the named method of the given object with the provided arguments.</doc>
<status status="PASS" start="2025-09-06T18:56:24.823022" elapsed="0.000477"/>
</kw>
<kw name="Call Method" owner="BuiltIn">
<arg>${options}</arg>
<arg>add_argument</arg>
<arg>--incognito</arg>
<doc>Calls the named method of the given object with the provided arguments.</doc>
<status status="PASS" start="2025-09-06T18:56:24.823854" elapsed="0.000484"/>
</kw>
<kw name="Create Webdriver" owner="SeleniumLibrary">
<msg time="2025-09-06T18:56:24.825159" level="INFO">Creating an instance of the Chrome WebDriver.</msg>
<msg time="2025-09-06T18:56:25.183906" level="WARN">The chromedriver version (139.0.7258.154) detected in PATH at C:\webdriver\chromedriver.exe might not be compatible with the detected chrome version (140.0.7339.80); currently, chromedriver 140.0.7339.80 is recommended for chrome 140.*, so it is advised to delete the driver in PATH and retry</msg>
<arg>Chrome</arg>
<arg>options=${options}</arg>
<doc>Creates an instance of Selenium WebDriver.</doc>
<status status="PASS" start="2025-09-06T18:56:24.824692" elapsed="1.808135"/>
</kw>
<status status="PASS" start="2025-09-06T18:56:24.814102" elapsed="1.819044"/>
</kw>
<kw name="Go To" owner="SeleniumLibrary">
<msg time="2025-09-06T18:56:26.633834" level="INFO">Opening url 'https://www.saucedemo.com'</msg>
<arg>${BASE_URL}</arg>
<doc>Navigates the current browser window to the provided ``url``.</doc>
<status status="PASS" start="2025-09-06T18:56:26.633391" elapsed="0.681300"/>
</kw>
<kw name="Maximize Browser Window" owner="SeleniumLibrary">
<doc>Maximizes current browser window.</doc>
<status status="PASS" start="2025-09-06T18:56:27.315515" elapsed="0.049270"/>
</kw>
<status status="PASS" start="2025-09-06T18:56:24.813267" elapsed="2.552417"/>
</kw>
<kw name="Enter Username password and login" owner="login_keywords">
<kw name="Input Text" owner="SeleniumLibrary">
<msg time="2025-09-06T18:56:27.371651" level="INFO">Typing text 'standard_user' into text field 'id=user-name'.</msg>
<arg>id=user-name</arg>
<arg>standard_user</arg>
<doc>Types the given ``text`` into the text field identified by ``locator``.</doc>
<status status="PASS" start="2025-09-06T18:56:27.370653" elapsed="0.200629"/>
</kw>
<kw name="Input Text" owner="SeleniumLibrary">
<msg time="2025-09-06T18:56:27.572481" level="INFO">Typing text 'secret_sauce' into text field 'id=password'.</msg>
<arg>id=password</arg>
<arg>secret_sauce</arg>
<doc>Types the given ``text`` into the text field identified by ``locator``.</doc>
<status status="PASS" start="2025-09-06T18:56:27.571753" elapsed="0.145558"/>
</kw>
<kw name="Click Button" owner="SeleniumLibrary">
<msg time="2025-09-06T18:56:27.718590" level="INFO">Clicking button 'id=login-button'.</msg>
<arg>id=login-button</arg>
<doc>Clicks the button identified by ``locator``.</doc>
<status status="PASS" start="2025-09-06T18:56:27.717927" elapsed="0.167107"/>
</kw>
<arg>standard_user secret_sauce</arg>
<status status="PASS" start="2025-09-06T18:56:27.369208" elapsed="0.516155"/>
</kw>
<kw name="Title Should Be" owner="SeleniumLibrary">
<msg time="2025-09-06T18:56:27.895026" level="INFO">Page title is 'Swag Labs'.</msg>
<arg>Swag Labs</arg>
<doc>Verifies that the current page title equals ``title``.</doc>
<status status="PASS" start="2025-09-06T18:56:27.886932" elapsed="0.008591"/>
</kw>
<kw name="Select Product By Name" owner="login_keywords">
<kw name="Wait Until Element Is Visible" owner="SeleniumLibrary">
<arg>xpath=//div[contains(@class,"inventory_item_name") and contains(., "${product_name}")]</arg>
<arg>timeout=30s</arg>
<doc>Waits until the element ``locator`` is visible.</doc>
<status status="PASS" start="2025-09-06T18:56:27.900787" elapsed="0.040830"/>
</kw>
<kw name="Click Element" owner="SeleniumLibrary">
<msg time="2025-09-06T18:56:27.942626" level="INFO">Clicking element 'xpath=//div[contains(@class,"inventory_item_name") and contains(., "Sauce Labs Backpack")]'.</msg>
<arg>xpath=//div[contains(@class,"inventory_item_name") and contains(., "${product_name}")]</arg>
<doc>Click the element identified by ``locator``.</doc>
<status status="PASS" start="2025-09-06T18:56:27.942125" elapsed="0.148034"/>
</kw>
<arg>Sauce Labs Backpack</arg>
<status status="PASS" start="2025-09-06T18:56:27.899327" elapsed="0.191220"/>
</kw>
<kw name="Page Should Contain" owner="SeleniumLibrary">
<msg time="2025-09-06T18:56:28.114768" level="INFO">Current page contains text 'Sauce Labs Backpack'.</msg>
<arg>Sauce Labs Backpack</arg>
<doc>Verifies that current page contains ``text``.</doc>
<status status="PASS" start="2025-09-06T18:56:28.091485" elapsed="0.023792"/>
</kw>
<kw name="Page Should Contain Element" owner="SeleniumLibrary">
<msg time="2025-09-06T18:56:28.142447" level="INFO">Current page contains element 'xpath=//img[@alt='Sauce Labs Backpack']'.</msg>
<arg>xpath=//img[@alt='Sauce Labs Backpack']</arg>
<doc>Verifies that element ``locator`` is found on the current page.</doc>
<status status="PASS" start="2025-09-06T18:56:28.122535" elapsed="0.020474"/>
</kw>
<kw name="Page Should Contain" owner="SeleniumLibrary">
<msg time="2025-09-06T18:56:28.171520" level="INFO">Current page contains text '$29.99'.</msg>
<arg>$29.99</arg>
<doc>Verifies that current page contains ``text``.</doc>
<status status="PASS" start="2025-09-06T18:56:28.151599" elapsed="0.020502"/>
</kw>
<kw name="Click Button" owner="SeleniumLibrary">
<msg time="2025-09-06T18:56:28.178137" level="INFO">Clicking button 'ID=add-to-cart'.</msg>
<arg>${ADD_TO_CART_BUTTON_ON_IND_PRODUCT }</arg>
<doc>Clicks the button identified by ``locator``.</doc>
<status status="PASS" start="2025-09-06T18:56:28.177150" elapsed="0.103870"/>
</kw>
<kw name="Page Should Contain Element" owner="SeleniumLibrary">
<msg time="2025-09-06T18:56:28.308754" level="INFO">Current page contains element 'ID=remove'.</msg>
<arg>${REMOVE_BUTTON}</arg>
<doc>Verifies that element ``locator`` is found on the current page.</doc>
<status status="PASS" start="2025-09-06T18:56:28.283016" elapsed="0.027583"/>
</kw>
<kw name="Page Should Contain Element" owner="SeleniumLibrary">
<msg time="2025-09-06T18:56:28.358011" level="INFO">Current page contains element 'class=shopping_cart_link'.</msg>
<arg>${CART_BADGE}</arg>
<doc>Verifies that element ``locator`` is found on the current page.</doc>
<status status="PASS" start="2025-09-06T18:56:28.314306" elapsed="0.045649"/>
</kw>
<kw name="Page Should Contain Element" owner="SeleniumLibrary">
<msg time="2025-09-06T18:56:28.404404" level="INFO">Current page contains element 'class=shopping_cart_badge'.</msg>
<arg>${CART_BADGE_NUMBER}</arg>
<doc>Verifies that element ``locator`` is found on the current page.</doc>
<status status="PASS" start="2025-09-06T18:56:28.364510" elapsed="0.042024"/>
</kw>
<kw name="Element Text Should Be" owner="SeleniumLibrary">
<msg time="2025-09-06T18:56:28.414223" level="INFO">Verifying element 'class=shopping_cart_badge' contains exact text '1'.</msg>
<arg>${CART_BADGE_NUMBER}</arg>
<arg>1</arg>
<doc>Verifies that element ``locator`` contains exact the text ``expected``.</doc>
<status status="PASS" start="2025-09-06T18:56:28.411618" elapsed="0.067854"/>
</kw>
<kw name="Click Element" owner="SeleniumLibrary">
<msg time="2025-09-06T18:56:28.481504" level="INFO">Clicking element 'ID=remove'.</msg>
<arg>${REMOVE_BUTTON}</arg>
<doc>Click the element identified by ``locator``.</doc>
<status status="PASS" start="2025-09-06T18:56:28.480676" elapsed="0.132892"/>
</kw>
<kw name="Page Should Not Contain Element" owner="SeleniumLibrary">
<msg time="2025-09-06T18:56:28.640280" level="INFO">Current page does not contain element 'class=shopping_cart_badge'.</msg>
<arg>${CART_BADGE_NUMBER}</arg>
<doc>Verifies that element ``locator`` is not found on the current page.</doc>
<status status="PASS" start="2025-09-06T18:56:28.616870" elapsed="0.024810"/>
</kw>
<kw name="Sleep" owner="BuiltIn">
<msg time="2025-09-06T18:56:30.654097" level="INFO">Slept 2 seconds.</msg>
<arg>2s</arg>
<doc>Pauses the test executed for the given time.</doc>
<status status="PASS" start="2025-09-06T18:56:28.648901" elapsed="2.006233"/>
</kw>
<kw name="Close Browser" owner="SeleniumLibrary" type="TEARDOWN">
<doc>Closes the current browser.</doc>
<status status="PASS" start="2025-09-06T18:56:30.663041" elapsed="2.270648"/>
</kw>
<status status="PASS" start="2025-09-06T18:56:24.811124" elapsed="8.128590"/>
</test>
<test id="s1-t12" name="Login and logout from the app" line="112">
<kw name="Open saucedemo Login Page" owner="login_keywords">
<kw name="Launch Browser With Clean Profile" owner="login_keywords">
<kw name="Create Dictionary" owner="BuiltIn">
<msg time="2025-09-06T18:56:32.973514" level="INFO">${prefs} = {'credentials_enable_service': 'False', 'profile.password_manager_enabled': 'False'}</msg>
<var>${prefs}</var>
<arg>credentials_enable_service=False</arg>
<arg>profile.password_manager_enabled=False</arg>
<doc>Creates and returns a dictionary based on the given ``items``.</doc>
<status status="PASS" start="2025-09-06T18:56:32.971283" elapsed="0.003177"/>
</kw>
<kw name="Evaluate" owner="BuiltIn">
<msg time="2025-09-06T18:56:32.983550" level="INFO">${options} = &lt;selenium.webdriver.chrome.options.Options object at 0x0000026ACCA9B6B0&gt;</msg>
<var>${options}</var>
<arg>sys.modules['selenium.webdriver'].ChromeOptions()</arg>
<arg>sys, selenium.webdriver</arg>
<doc>Evaluates the given expression in Python and returns the result.</doc>
<status status="PASS" start="2025-09-06T18:56:32.976000" elapsed="0.009745"/>
</kw>
<kw name="Call Method" owner="BuiltIn">
<arg>${options}</arg>
<arg>add_experimental_option</arg>
<arg>prefs</arg>
<arg>${prefs}</arg>
<doc>Calls the named method of the given object with the provided arguments.</doc>
<status status="PASS" start="2025-09-06T18:56:32.988917" elapsed="0.003183"/>
</kw>
<kw name="Call Method" owner="BuiltIn">
<arg>${options}</arg>
<arg>add_argument</arg>
<arg>--disable-save-password-bubble</arg>
<doc>Calls the named method of the given object with the provided arguments.</doc>
<status status="PASS" start="2025-09-06T18:56:32.993886" elapsed="0.004964"/>
</kw>
<kw name="Call Method" owner="BuiltIn">
<arg>${options}</arg>
<arg>add_argument</arg>
<arg>--disable-infobars</arg>
<doc>Calls the named method of the given object with the provided arguments.</doc>
<status status="PASS" start="2025-09-06T18:56:33.002832" elapsed="0.002524"/>
</kw>
<kw name="Call Method" owner="BuiltIn">
<arg>${options}</arg>
<arg>add_argument</arg>
<arg>--incognito</arg>
<doc>Calls the named method of the given object with the provided arguments.</doc>
<status status="PASS" start="2025-09-06T18:56:33.007004" elapsed="0.001804"/>
</kw>
<kw name="Create Webdriver" owner="SeleniumLibrary">
<msg time="2025-09-06T18:56:33.014015" level="INFO">Creating an instance of the Chrome WebDriver.</msg>
<msg time="2025-09-06T18:56:33.394026" level="WARN">The chromedriver version (139.0.7258.154) detected in PATH at C:\webdriver\chromedriver.exe might not be compatible with the detected chrome version (140.0.7339.80); currently, chromedriver 140.0.7339.80 is recommended for chrome 140.*, so it is advised to delete the driver in PATH and retry</msg>
<arg>Chrome</arg>
<arg>options=${options}</arg>
<doc>Creates an instance of Selenium WebDriver.</doc>
<status status="PASS" start="2025-09-06T18:56:33.010227" elapsed="1.871429"/>
</kw>
<status status="PASS" start="2025-09-06T18:56:32.968418" elapsed="1.913562"/>
</kw>
<kw name="Go To" owner="SeleniumLibrary">
<msg time="2025-09-06T18:56:34.882987" level="INFO">Opening url 'https://www.saucedemo.com'</msg>
<arg>${BASE_URL}</arg>
<doc>Navigates the current browser window to the provided ``url``.</doc>
<status status="PASS" start="2025-09-06T18:56:34.882330" elapsed="0.706577"/>
</kw>
<kw name="Maximize Browser Window" owner="SeleniumLibrary">
<doc>Maximizes current browser window.</doc>
<status status="PASS" start="2025-09-06T18:56:35.589824" elapsed="0.071953"/>
</kw>
<status status="PASS" start="2025-09-06T18:56:32.961276" elapsed="2.701392"/>
</kw>
<kw name="Enter Username password and login" owner="login_keywords">
<kw name="Input Text" owner="SeleniumLibrary">
<msg time="2025-09-06T18:56:35.670412" level="INFO">Typing text 'standard_user' into text field 'id=user-name'.</msg>
<arg>id=user-name</arg>
<arg>standard_user</arg>
<doc>Types the given ``text`` into the text field identified by ``locator``.</doc>
<status status="PASS" start="2025-09-06T18:56:35.668836" elapsed="0.240293"/>
</kw>
<kw name="Input Text" owner="SeleniumLibrary">
<msg time="2025-09-06T18:56:35.910337" level="INFO">Typing text 'secret_sauce' into text field 'id=password'.</msg>
<arg>id=password</arg>
<arg>secret_sauce</arg>
<doc>Types the given ``text`` into the text field identified by ``locator``.</doc>
<status status="PASS" start="2025-09-06T18:56:35.909709" elapsed="0.108338"/>
</kw>
<kw name="Click Button" owner="SeleniumLibrary">
<msg time="2025-09-06T18:56:36.019489" level="INFO">Clicking button 'id=login-button'.</msg>
<arg>id=login-button</arg>
<doc>Clicks the button identified by ``locator``.</doc>
<status status="PASS" start="2025-09-06T18:56:36.018749" elapsed="0.118346"/>
</kw>
<arg>standard_user secret_sauce</arg>
<status status="PASS" start="2025-09-06T18:56:35.665232" elapsed="0.472158"/>
</kw>
<kw name="Title Should Be" owner="SeleniumLibrary">
<msg time="2025-09-06T18:56:36.149037" level="INFO">Page title is 'Swag Labs'.</msg>
<arg>Swag Labs</arg>
<doc>Verifies that the current page title equals ``title``.</doc>
<status status="PASS" start="2025-09-06T18:56:36.138400" elapsed="0.011029"/>
</kw>
<kw name="Logout from app" owner="login_keywords">
<kw name="Click Element" owner="SeleniumLibrary">
<msg time="2025-09-06T18:56:36.153751" level="INFO">Clicking element 'id=react-burger-menu-btn'.</msg>
<arg>${MENU_BUTTON}</arg>
<doc>Click the element identified by ``locator``.</doc>
<status status="PASS" start="2025-09-06T18:56:36.152346" elapsed="0.110804"/>
</kw>
<kw name="Wait Until Element Is Visible" owner="SeleniumLibrary">
<arg>${LOGOUT_BUTTON}</arg>
<arg>timeout=10s</arg>
<doc>Waits until the element ``locator`` is visible.</doc>
<status status="PASS" start="2025-09-06T18:56:36.264434" elapsed="0.305226"/>
</kw>
<kw name="Click Element" owner="SeleniumLibrary">
<msg time="2025-09-06T18:56:36.573347" level="INFO">Clicking element 'id=logout_sidebar_link'.</msg>
<arg>${LOGOUT_BUTTON}</arg>
<doc>Click the element identified by ``locator``.</doc>
<status status="PASS" start="2025-09-06T18:56:36.571448" elapsed="0.230384"/>
</kw>
<kw name="Wait Until Element Is Visible" owner="SeleniumLibrary">
<arg>${LOGIN_BUTTON}</arg>
<arg>timeout=10s</arg>
<doc>Waits until the element ``locator`` is visible.</doc>
<status status="PASS" start="2025-09-06T18:56:36.802777" elapsed="0.037229"/>
</kw>
<kw name="Page Should Contain Element" owner="SeleniumLibrary">
<msg time="2025-09-06T18:56:36.875975" level="INFO">Current page contains element 'id=login-button'.</msg>
<arg>${LOGIN_BUTTON}</arg>
<doc>Verifies that element ``locator`` is found on the current page.</doc>
<status status="PASS" start="2025-09-06T18:56:36.841733" elapsed="0.035621"/>
</kw>
<status status="PASS" start="2025-09-06T18:56:36.151296" elapsed="0.727194"/>
</kw>
<kw name="Sleep" owner="BuiltIn">
<msg time="2025-09-06T18:56:38.886066" level="INFO">Slept 2 seconds.</msg>
<arg>2s</arg>
<doc>Pauses the test executed for the given time.</doc>
<status status="PASS" start="2025-09-06T18:56:36.882680" elapsed="2.007157"/>
</kw>
<kw name="Close Browser" owner="SeleniumLibrary" type="TEARDOWN">
<doc>Closes the current browser.</doc>
<status status="PASS" start="2025-09-06T18:56:38.895756" elapsed="2.223254"/>
</kw>
<status status="PASS" start="2025-09-06T18:56:32.955752" elapsed="8.168305"/>
</test>
<test id="s1-t13" name="Filter low to high price and select the lowest price item" line="121">
<kw name="Open saucedemo Login Page" owner="login_keywords">
<kw name="Launch Browser With Clean Profile" owner="login_keywords">
<kw name="Create Dictionary" owner="BuiltIn">
<msg time="2025-09-06T18:56:41.153563" level="INFO">${prefs} = {'credentials_enable_service': 'False', 'profile.password_manager_enabled': 'False'}</msg>
<var>${prefs}</var>
<arg>credentials_enable_service=False</arg>
<arg>profile.password_manager_enabled=False</arg>
<doc>Creates and returns a dictionary based on the given ``items``.</doc>
<status status="PASS" start="2025-09-06T18:56:41.147773" elapsed="0.007555"/>
</kw>
<kw name="Evaluate" owner="BuiltIn">
<msg time="2025-09-06T18:56:41.159895" level="INFO">${options} = &lt;selenium.webdriver.chrome.options.Options object at 0x0000026ACCBF8F30&gt;</msg>
<var>${options}</var>
<arg>sys.modules['selenium.webdriver'].ChromeOptions()</arg>
<arg>sys, selenium.webdriver</arg>
<doc>Evaluates the given expression in Python and returns the result.</doc>
<status status="PASS" start="2025-09-06T18:56:41.157158" elapsed="0.003891"/>
</kw>
<kw name="Call Method" owner="BuiltIn">
<arg>${options}</arg>
<arg>add_experimental_option</arg>
<arg>prefs</arg>
<arg>${prefs}</arg>
<doc>Calls the named method of the given object with the provided arguments.</doc>
<status status="PASS" start="2025-09-06T18:56:41.162843" elapsed="0.008961"/>
</kw>
<kw name="Call Method" owner="BuiltIn">
<arg>${options}</arg>
<arg>add_argument</arg>
<arg>--disable-save-password-bubble</arg>
<doc>Calls the named method of the given object with the provided arguments.</doc>
<status status="PASS" start="2025-09-06T18:56:41.174346" elapsed="0.002354"/>
</kw>
<kw name="Call Method" owner="BuiltIn">
<arg>${options}</arg>
<arg>add_argument</arg>
<arg>--disable-infobars</arg>
<doc>Calls the named method of the given object with the provided arguments.</doc>
<status status="PASS" start="2025-09-06T18:56:41.178427" elapsed="0.002054"/>
</kw>
<kw name="Call Method" owner="BuiltIn">
<arg>${options}</arg>
<arg>add_argument</arg>
<arg>--incognito</arg>
<doc>Calls the named method of the given object with the provided arguments.</doc>
<status status="PASS" start="2025-09-06T18:56:41.186095" elapsed="0.002723"/>
</kw>
<kw name="Create Webdriver" owner="SeleniumLibrary">
<msg time="2025-09-06T18:56:41.192429" level="INFO">Creating an instance of the Chrome WebDriver.</msg>
<msg time="2025-09-06T18:56:41.583611" level="WARN">The chromedriver version (139.0.7258.154) detected in PATH at C:\webdriver\chromedriver.exe might not be compatible with the detected chrome version (140.0.7339.80); currently, chromedriver 140.0.7339.80 is recommended for chrome 140.*, so it is advised to delete the driver in PATH and retry</msg>
<arg>Chrome</arg>
<arg>options=${options}</arg>
<doc>Creates an instance of Selenium WebDriver.</doc>
<status status="PASS" start="2025-09-06T18:56:41.190485" elapsed="1.834094"/>
</kw>
<status status="PASS" start="2025-09-06T18:56:41.145124" elapsed="1.879867"/>
</kw>
<kw name="Go To" owner="SeleniumLibrary">
<msg time="2025-09-06T18:56:43.027155" level="INFO">Opening url 'https://www.saucedemo.com'</msg>
<arg>${BASE_URL}</arg>
<doc>Navigates the current browser window to the provided ``url``.</doc>
<status status="PASS" start="2025-09-06T18:56:43.025466" elapsed="1.143477"/>
</kw>
<kw name="Maximize Browser Window" owner="SeleniumLibrary">
<doc>Maximizes current browser window.</doc>
<status status="PASS" start="2025-09-06T18:56:44.169330" elapsed="0.051526"/>
</kw>
<status status="PASS" start="2025-09-06T18:56:41.141404" elapsed="3.079929"/>
</kw>
<kw name="Enter Username password and login" owner="login_keywords">
<kw name="Input Text" owner="SeleniumLibrary">
<msg time="2025-09-06T18:56:44.223709" level="INFO">Typing text 'standard_user' into text field 'id=user-name'.</msg>
<arg>id=user-name</arg>
<arg>standard_user</arg>
<doc>Types the given ``text`` into the text field identified by ``locator``.</doc>
<status status="PASS" start="2025-09-06T18:56:44.223296" elapsed="0.186445"/>
</kw>
<kw name="Input Text" owner="SeleniumLibrary">
<msg time="2025-09-06T18:56:44.410587" level="INFO">Typing text 'secret_sauce' into text field 'id=password'.</msg>
<arg>id=password</arg>
<arg>secret_sauce</arg>
<doc>Types the given ``text`` into the text field identified by ``locator``.</doc>
<status status="PASS" start="2025-09-06T18:56:44.410172" elapsed="0.107790"/>
</kw>
<kw name="Click Button" owner="SeleniumLibrary">
<msg time="2025-09-06T18:56:44.519089" level="INFO">Clicking button 'id=login-button'.</msg>
<arg>id=login-button</arg>
<doc>Clicks the button identified by ``locator``.</doc>
<status status="PASS" start="2025-09-06T18:56:44.518355" elapsed="0.121156"/>
</kw>
<arg>standard_user secret_sauce</arg>
<status status="PASS" start="2025-09-06T18:56:44.222532" elapsed="0.417316"/>
</kw>
<kw name="Title Should Be" owner="SeleniumLibrary">
[...]
<doc>Returns the text value of the element identified by ``locator``.</doc>
<status status="PASS" start="2025-09-06T18:57:07.899212" elapsed="0.050890"/>
</kw>
<kw name="Log" owner="BuiltIn">
<msg time="2025-09-06T18:57:07.954025" level="INFO">Second product is: Sauce Labs Bike Light</msg>
<arg>Second product is: ${second_product}</arg>
<doc>Logs the given message with the given level.</doc>
<status status="PASS" start="2025-09-06T18:57:07.951905" elapsed="0.003289"/>
</kw>
<kw name="Set Variable" owner="BuiltIn">
<msg time="2025-09-06T18:57:07.959080" level="INFO">${second_xpath} = //div[contains(@class,"inventory_item_name") and text()="Sauce Labs Bike Light"]/ancestor::div[contains(@class,"inventory_item")]//button</msg>
<var>${second_xpath}</var>
<arg>//div[contains(@class,"inventory_item_name") and text()="${second_product}"]/ancestor::div[contains(@class,"inventory_item")]//button</arg>
<doc>Returns the given values which can then be assigned to a variables.</doc>
<status status="PASS" start="2025-09-06T18:57:07.956697" elapsed="0.003445"/>
</kw>
<kw name="Click Element" owner="SeleniumLibrary">
<msg time="2025-09-06T18:57:07.963791" level="INFO">Clicking element '//div[contains(@class,"inventory_item_name") and text()="Sauce Labs Bike Light"]/ancestor::div[contains(@class,"inventory_item")]//button'.</msg>
<arg>${second_xpath}</arg>
<doc>Click the element identified by ``locator``.</doc>
<status status="PASS" start="2025-09-06T18:57:07.961675" elapsed="0.217648"/>
</kw>
<status status="PASS" start="2025-09-06T18:57:07.576766" elapsed="0.602963"/>
</kw>
<kw name="Clicking cart button" owner="login_keywords">
<kw name="Click Element" owner="SeleniumLibrary">
<msg time="2025-09-06T18:57:08.190081" level="INFO">Clicking element 'class=shopping_cart_link'.</msg>
<arg>${CART_BADGE}</arg>
<doc>Click the element identified by ``locator``.</doc>
<status status="PASS" start="2025-09-06T18:57:08.189081" elapsed="0.128526"/>
</kw>
<kw name="Wait Until Page Contains Element" owner="SeleniumLibrary">
<arg>${CHECKOUT_BUTTON}</arg>
<arg>timeout=10s</arg>
<doc>Waits until the element ``locator`` appears on the current page.</doc>
<status status="PASS" start="2025-09-06T18:57:08.318256" elapsed="0.018575"/>
</kw>
<kw name="Page Should Contain Element" owner="SeleniumLibrary">
<msg time="2025-09-06T18:57:08.351745" level="INFO">Current page contains element 'id=checkout'.</msg>
<arg>${CHECKOUT_BUTTON}</arg>
<doc>Verifies that element ``locator`` is found on the current page.</doc>
<status status="PASS" start="2025-09-06T18:57:08.337381" elapsed="0.014851"/>
</kw>
<status status="PASS" start="2025-09-06T18:57:08.183214" elapsed="0.169358"/>
</kw>
<kw name="Clicking checkout button and verifying Your Information page" owner="login_keywords">
<kw name="Click Button" owner="SeleniumLibrary">
<msg time="2025-09-06T18:57:08.357838" level="INFO">Clicking button 'id=checkout'.</msg>
<arg>${CHECKOUT_BUTTON}</arg>
<doc>Clicks the button identified by ``locator``.</doc>
<status status="PASS" start="2025-09-06T18:57:08.355764" elapsed="0.240451"/>
</kw>
<kw name="Wait Until Page Contains Element" owner="SeleniumLibrary">
<arg>${YOUR_INFO_TEXT}</arg>
<arg>timeout=10s</arg>
<doc>Waits until the element ``locator`` appears on the current page.</doc>
<status status="PASS" start="2025-09-06T18:57:08.596615" elapsed="0.016194"/>
</kw>
<kw name="Page Should Contain Element" owner="SeleniumLibrary">
<msg time="2025-09-06T18:57:08.629787" level="INFO">Current page contains element 'class=title'.</msg>
<arg>${YOUR_INFO_TEXT}</arg>
<doc>Verifies that element ``locator`` is found on the current page.</doc>
<status status="PASS" start="2025-09-06T18:57:08.615403" elapsed="0.015636"/>
</kw>
<kw name="Page Should Contain" owner="SeleniumLibrary">
<msg time="2025-09-06T18:57:08.664257" level="INFO">Current page contains text 'Your Information'.</msg>
<arg>Your Information</arg>
<doc>Verifies that current page contains ``text``.</doc>
<status status="PASS" start="2025-09-06T18:57:08.631858" elapsed="0.034527"/>
</kw>
<status status="PASS" start="2025-09-06T18:57:08.354240" elapsed="0.312952"/>
</kw>
<kw name="Filling user information and continuing to next page" owner="login_keywords">
<kw name="Input Text" owner="SeleniumLibrary">
<msg time="2025-09-06T18:57:08.674685" level="INFO">Typing text 'Nikhil' into text field 'id=first-name'.</msg>
<arg>${FIRST_NAME}</arg>
<arg>Nikhil</arg>
<doc>Types the given ``text`` into the text field identified by ``locator``.</doc>
<status status="PASS" start="2025-09-06T18:57:08.673171" elapsed="0.227684"/>
</kw>
<kw name="Input Text" owner="SeleniumLibrary">
<msg time="2025-09-06T18:57:08.905039" level="INFO">Typing text 'Daya' into text field 'id=last-name'.</msg>
<arg>${LAST_NAME}</arg>
<arg>Daya</arg>
<doc>Types the given ``text`` into the text field identified by ``locator``.</doc>
<status status="PASS" start="2025-09-06T18:57:08.902765" elapsed="0.291802"/>
</kw>
<kw name="Input Text" owner="SeleniumLibrary">
<msg time="2025-09-06T18:57:09.195547" level="INFO">Typing text '560037' into text field 'id=postal-code'.</msg>
<arg>${POSTAL_CODE}</arg>
<arg>560037</arg>
<doc>Types the given ``text`` into the text field identified by ``locator``.</doc>
<status status="PASS" start="2025-09-06T18:57:09.194999" elapsed="0.198627"/>
</kw>
<kw name="Click Button" owner="SeleniumLibrary">
<msg time="2025-09-06T18:57:09.396217" level="INFO">Clicking button 'id=continue'.</msg>
<arg>${CONTINUE_BUTTON}</arg>
<doc>Clicks the button identified by ``locator``.</doc>
<status status="PASS" start="2025-09-06T18:57:09.395269" elapsed="0.206773"/>
</kw>
<status status="PASS" start="2025-09-06T18:57:08.671548" elapsed="0.930908"/>
</kw>
<kw name="Verify Cart Total Matches Product Sum" owner="login_keywords">
<kw name="Get WebElements" owner="SeleniumLibrary">
<msg time="2025-09-06T18:57:09.626343" level="INFO">${price_elements} = [&lt;selenium.webdriver.remote.webelement.WebElement (session="c161e09179f43f9074c1233b7aa6d9fc", element="f.497720AC0D682CD250113C761B38028D.d.F80A102DA5206573062F50E3DB7A27C1.e.63")&gt;, &lt;selenium.webdriv...</msg>
<var>${price_elements}</var>
<arg>${PRODUCT_PRICE}</arg>
<doc>Returns a list of WebElement objects matching the ``locator``.</doc>
<status status="PASS" start="2025-09-06T18:57:09.607180" elapsed="0.019826"/>
</kw>
<kw name="Set Variable" owner="BuiltIn">
<msg time="2025-09-06T18:57:09.628443" level="INFO">${total} = 0.0</msg>
<var>${total}</var>
<arg>0.0</arg>
<doc>Returns the given values which can then be assigned to a variables.</doc>
<status status="PASS" start="2025-09-06T18:57:09.627598" elapsed="0.001147"/>
</kw>
<for flavor="IN">
<iter>
<kw name="Get Text" owner="SeleniumLibrary">
<msg time="2025-09-06T18:57:09.662231" level="INFO">${price_text} = $29.99</msg>
<var>${price_text}</var>
<arg>${price_element}</arg>
<doc>Returns the text value of the element identified by ``locator``.</doc>
<status status="PASS" start="2025-09-06T18:57:09.632178" elapsed="0.030488"/>
</kw>
<kw name="Convert To Number" owner="BuiltIn">
<msg time="2025-09-06T18:57:09.668209" level="INFO">${price} = 29.99</msg>
<var>${price}</var>
<arg>${price_text.replace('$', '')}</arg>
<doc>Converts the given item to a floating point number.</doc>
<status status="PASS" start="2025-09-06T18:57:09.663340" elapsed="0.005635"/>
</kw>
<kw name="Evaluate" owner="BuiltIn">
<msg time="2025-09-06T18:57:09.672152" level="INFO">${total} = 29.99</msg>
<var>${total}</var>
<arg>${total} + ${price}</arg>
<doc>Evaluates the given expression in Python and returns the result.</doc>
<status status="PASS" start="2025-09-06T18:57:09.670233" elapsed="0.002583"/>
</kw>
<kw name="Log" owner="BuiltIn">
<msg time="2025-09-06T18:57:09.674111" level="INFO">Calculated total from items: 29.99</msg>
<arg>Calculated total from items: ${total}</arg>
<doc>Logs the given message with the given level.</doc>
<status status="PASS" start="2025-09-06T18:57:09.673272" elapsed="0.001550"/>
</kw>
<var name="${price_element}">&lt;selenium.webdriver.remote.webelement.WebElement (session="c161e09179f43f9074c1233b7aa6d9fc", element="f.497720AC0D682CD250113C761B38028D.d.F80A102DA5206573062F50E3DB7A27C1.e.63")&gt;</var>
<status status="PASS" start="2025-09-06T18:57:09.630454" elapsed="0.044898"/>
</iter>
<iter>
<kw name="Get Text" owner="SeleniumLibrary">
<msg time="2025-09-06T18:57:09.711041" level="INFO">${price_text} = $9.99</msg>
<var>${price_text}</var>
<arg>${price_element}</arg>
<doc>Returns the text value of the element identified by ``locator``.</doc>
<status status="PASS" start="2025-09-06T18:57:09.676287" elapsed="0.035134"/>
</kw>
<kw name="Convert To Number" owner="BuiltIn">
<msg time="2025-09-06T18:57:09.716876" level="INFO">${price} = 9.99</msg>
<var>${price}</var>
<arg>${price_text.replace('$', '')}</arg>
<doc>Converts the given item to a floating point number.</doc>
<status status="PASS" start="2025-09-06T18:57:09.711891" elapsed="0.006119"/>
</kw>
<kw name="Evaluate" owner="BuiltIn">
<msg time="2025-09-06T18:57:09.722249" level="INFO">${total} = 39.98</msg>
<var>${total}</var>
<arg>${total} + ${price}</arg>
<doc>Evaluates the given expression in Python and returns the result.</doc>
<status status="PASS" start="2025-09-06T18:57:09.720174" elapsed="0.002796"/>
</kw>
<kw name="Log" owner="BuiltIn">
<msg time="2025-09-06T18:57:09.725406" level="INFO">Calculated total from items: 39.98</msg>
<arg>Calculated total from items: ${total}</arg>
<doc>Logs the given message with the given level.</doc>
<status status="PASS" start="2025-09-06T18:57:09.724373" elapsed="0.001664"/>
</kw>
<var name="${price_element}">&lt;selenium.webdriver.remote.webelement.WebElement (session="c161e09179f43f9074c1233b7aa6d9fc", element="f.497720AC0D682CD250113C761B38028D.d.F80A102DA5206573062F50E3DB7A27C1.e.64")&gt;</var>
<status status="PASS" start="2025-09-06T18:57:09.675876" elapsed="0.050641"/>
</iter>
<var>${price_element}</var>
<value>@{price_elements}</value>
<status status="PASS" start="2025-09-06T18:57:09.629128" elapsed="0.097963"/>
</for>
<kw name="Get Text" owner="SeleniumLibrary">
<msg time="2025-09-06T18:57:09.801551" level="INFO">${displayed_total_text} = Item total: $39.98</msg>
<var>${displayed_total_text}</var>
<arg>${ITEM_TOTAL}</arg>
<doc>Returns the text value of the element identified by ``locator``.</doc>
<status status="PASS" start="2025-09-06T18:57:09.728093" elapsed="0.074314"/>
</kw>
<kw name="Log" owner="BuiltIn">
<msg time="2025-09-06T18:57:09.804477" level="INFO">Displayed item total text: Item total: $39.98</msg>
<arg>Displayed item total text: ${displayed_total_text}</arg>
<doc>Logs the given message with the given level.</doc>
<status status="PASS" start="2025-09-06T18:57:09.803353" elapsed="0.001682"/>
</kw>
<kw name="Convert To Number" owner="BuiltIn">
<msg time="2025-09-06T18:57:09.808825" level="INFO">${displayed_total} = 39.98</msg>
<var>${displayed_total}</var>
<arg>${displayed_total_text.replace('Item total: $', '')}</arg>
<doc>Converts the given item to a floating point number.</doc>
<status status="PASS" start="2025-09-06T18:57:09.805715" elapsed="0.003470"/>
</kw>
<kw name="Should Be Equal As Numbers" owner="BuiltIn">
<arg>${total}</arg>
<arg>${displayed_total}</arg>
<arg>msg=Cart total does not match sum of item prices</arg>
<doc>Fails if objects are unequal after converting them to real numbers.</doc>
<status status="PASS" start="2025-09-06T18:57:09.809635" elapsed="0.001243"/>
</kw>
<status status="PASS" start="2025-09-06T18:57:09.605869" elapsed="0.205744"/>
</kw>
<kw name="Finish and verify order completion" owner="login_keywords">
<kw name="Click Button" owner="SeleniumLibrary">
<msg time="2025-09-06T18:57:09.823745" level="INFO">Clicking button 'id=finish'.</msg>
<arg>${FINISH_BUTTON}</arg>
<doc>Clicks the button identified by ``locator``.</doc>
<status status="PASS" start="2025-09-06T18:57:09.820060" elapsed="0.288459"/>
</kw>
<kw name="Wait Until Page Contains Element" owner="SeleniumLibrary">
<arg>${THANK_YOU_TEXT}</arg>
<arg>timeout=10s</arg>
<doc>Waits until the element ``locator`` appears on the current page.</doc>
<status status="PASS" start="2025-09-06T18:57:10.109142" elapsed="0.025561"/>
</kw>
<kw name="Page Should Contain Element" owner="SeleniumLibrary">
<msg time="2025-09-06T18:57:10.164305" level="INFO">Current page contains element 'class=complete-header'.</msg>
<arg>${THANK_YOU_TEXT}</arg>
<doc>Verifies that element ``locator`` is found on the current page.</doc>
<status status="PASS" start="2025-09-06T18:57:10.135402" elapsed="0.030173"/>
</kw>
<kw name="Page Should Contain" owner="SeleniumLibrary">
<msg time="2025-09-06T18:57:10.226500" level="INFO">Current page contains text 'Thank you for your order!'.</msg>
<arg>Thank you for your order!</arg>
<doc>Verifies that current page contains ``text``.</doc>
<status status="PASS" start="2025-09-06T18:57:10.166685" elapsed="0.060343"/>
</kw>
<kw name="Click Button" owner="SeleniumLibrary">
<msg time="2025-09-06T18:57:10.228198" level="INFO">Clicking button 'id=back-to-products'.</msg>
<arg>${BACK_HOME_BUTTON}</arg>
<doc>Clicks the button identified by ``locator``.</doc>
<status status="PASS" start="2025-09-06T18:57:10.227538" elapsed="0.218570"/>
</kw>
<kw name="Page Should Contain Element" owner="SeleniumLibrary">
<msg time="2025-09-06T18:57:10.462948" level="INFO">Current page contains element 'class=title'.</msg>
<arg>${PRODUCTS_TEXT}</arg>
<doc>Verifies that element ``locator`` is found on the current page.</doc>
<status status="PASS" start="2025-09-06T18:57:10.446584" elapsed="0.017130"/>
</kw>
<status status="PASS" start="2025-09-06T18:57:09.815854" elapsed="0.648542"/>
</kw>
<kw name="Sleep" owner="BuiltIn">
<msg time="2025-09-06T18:57:20.467950" level="INFO">Slept 10 seconds.</msg>
<arg>10s</arg>
<doc>Pauses the test executed for the given time.</doc>
<status status="PASS" start="2025-09-06T18:57:10.466871" elapsed="10.001606"/>
</kw>
<kw name="Close Browser" owner="SeleniumLibrary" type="TEARDOWN">
<doc>Closes the current browser.</doc>
<status status="PASS" start="2025-09-06T18:57:20.469986" elapsed="2.530019"/>
</kw>
<status status="PASS" start="2025-09-06T18:57:04.887985" elapsed="18.118917"/>
</test>
<kw name="Close Browser" owner="SeleniumLibrary" type="TEARDOWN">
<doc>Closes the current browser.</doc>
<status status="PASS" start="2025-09-06T18:57:23.023710" elapsed="0.001008"/>
</kw>
<status status="PASS" start="2025-09-06T18:55:12.705857" elapsed="130.319170"/>
</suite>
<statistics>
<total>
<stat pass="15" fail="0" skip="0">All Tests</stat>
</total>
<tag>
</tag>
<suite>
<stat name="Login Test" id="s1" pass="15" fail="0" skip="0">Login Test</stat>
</suite>
</statistics>
<errors>
<msg time="2025-09-06T18:55:13.303143" level="WARN">The chromedriver version (139.0.7258.154) detected in PATH at C:\webdriver\chromedriver.exe might not be compatible with the detected chrome version (140.0.7339.80); currently, chromedriver 140.0.7339.80 is recommended for chrome 140.*, so it is advised to delete the driver in PATH and retry</msg>
<msg time="2025-09-06T18:55:19.834385" level="WARN">The chromedriver version (139.0.7258.154) detected in PATH at C:\webdriver\chromedriver.exe might not be compatible with the detected chrome version (140.0.7339.80); currently, chromedriver 140.0.7339.80 is recommended for chrome 140.*, so it is advised to delete the driver in PATH and retry</msg>
<msg time="2025-09-06T18:55:26.396682" level="WARN">The chromedriver version (139.0.7258.154) detected in PATH at C:\webdriver\chromedriver.exe might not be compatible with the detected chrome version (140.0.7339.80); currently, chromedriver 140.0.7339.80 is recommended for chrome 140.*, so it is advised to delete the driver in PATH and retry</msg>
<msg time="2025-09-06T18:55:33.327085" level="WARN">The chromedriver version (139.0.7258.154) detected in PATH at C:\webdriver\chromedriver.exe might not be compatible with the detected chrome version (140.0.7339.80); currently, chromedriver 140.0.7339.80 is recommended for chrome 140.*, so it is advised to delete the driver in PATH and retry</msg>
<msg time="2025-09-06T18:55:40.319133" level="WARN">The chromedriver version (139.0.7258.154) detected in PATH at C:\webdriver\chromedriver.exe might not be compatible with the detected chrome version (140.0.7339.80); currently, chromedriver 140.0.7339.80 is recommended for chrome 140.*, so it is advised to delete the driver in PATH and retry</msg>
<msg time="2025-09-06T18:55:47.422919" level="WARN">The chromedriver version (139.0.7258.154) detected in PATH at C:\webdriver\chromedriver.exe might not be compatible with the detected chrome version (140.0.7339.80); currently, chromedriver 140.0.7339.80 is recommended for chrome 140.*, so it is advised to delete the driver in PATH and retry</msg>
<msg time="2025-09-06T18:55:54.277873" level="WARN">The chromedriver version (139.0.7258.154) detected in PATH at C:\webdriver\chromedriver.exe might not be compatible with the detected chrome version (140.0.7339.80); currently, chromedriver 140.0.7339.80 is recommended for chrome 140.*, so it is advised to delete the driver in PATH and retry</msg>
<msg time="2025-09-06T18:56:01.155880" level="WARN">The chromedriver version (139.0.7258.154) detected in PATH at C:\webdriver\chromedriver.exe might not be compatible with the detected chrome version (140.0.7339.80); currently, chromedriver 140.0.7339.80 is recommended for chrome 140.*, so it is advised to delete the driver in PATH and retry</msg>
<msg time="2025-09-06T18:56:10.172162" level="WARN">The chromedriver version (139.0.7258.154) detected in PATH at C:\webdriver\chromedriver.exe might not be compatible with the detected chrome version (140.0.7339.80); currently, chromedriver 140.0.7339.80 is recommended for chrome 140.*, so it is advised to delete the driver in PATH and retry</msg>
<msg time="2025-09-06T18:56:17.702991" level="WARN">The chromedriver version (139.0.7258.154) detected in PATH at C:\webdriver\chromedriver.exe might not be compatible with the detected chrome version (140.0.7339.80); currently, chromedriver 140.0.7339.80 is recommended for chrome 140.*, so it is advised to delete the driver in PATH and retry</msg>
<msg time="2025-09-06T18:56:25.183906" level="WARN">The chromedriver version (139.0.7258.154) detected in PATH at C:\webdriver\chromedriver.exe might not be compatible with the detected chrome version (140.0.7339.80); currently, chromedriver 140.0.7339.80 is recommended for chrome 140.*, so it is advised to delete the driver in PATH and retry</msg>
<msg time="2025-09-06T18:56:33.394026" level="WARN">The chromedriver version (139.0.7258.154) detected in PATH at C:\webdriver\chromedriver.exe might not be compatible with the detected chrome version (140.0.7339.80); currently, chromedriver 140.0.7339.80 is recommended for chrome 140.*, so it is advised to delete the driver in PATH and retry</msg>
<msg time="2025-09-06T18:56:41.583611" level="WARN">The chromedriver version (139.0.7258.154) detected in PATH at C:\webdriver\chromedriver.exe might not be compatible with the detected chrome version (140.0.7339.80); currently, chromedriver 140.0.7339.80 is recommended for chrome 140.*, so it is advised to delete the driver in PATH and retry</msg>
<msg time="2025-09-06T18:56:49.614066" level="WARN">The chromedriver version (139.0.7258.154) detected in PATH at C:\webdriver\chromedriver.exe might not be compatible with the detected chrome version (140.0.7339.80); currently, chromedriver 140.0.7339.80 is recommended for chrome 140.*, so it is advised to delete the driver in PATH and retry</msg>
<msg time="2025-09-06T18:57:05.137034" level="WARN">The chromedriver version (139.0.7258.154) detected in PATH at C:\webdriver\chromedriver.exe might not be compatible with the detected chrome version (140.0.7339.80); currently, chromedriver 140.0.7339.80 is recommended for chrome 140.*, so it is advised to delete the driver in PATH and retry</msg>
</errors>
</robot>
